Copyright 1986-2018 Xilinx, Inc. All Rights Reserved.
------------------------------------------------------------------------------------
| Tool Version : Vivado v.2018.3 (lin64) Build 2405991 Thu Dec  6 23:36:41 MST 2018
| Date         : Fri Mar 20 12:19:33 2026
| Host         : khan-biggiecheese running 64-bit Ubuntu 24.04.2 LTS
| Command      : upgrade_ip
| Device       : xc7a100tcsg324-1
------------------------------------------------------------------------------------

Upgrade Log for IP 'design_1_axi_ram_0_0'

1. Summary
----------

SUCCESS in the upgrade of design_1_axi_ram_0_0 (xilinx.com:user:axi_ram:1.0) from (Rev. 10) to (Rev. 12)






Copyright 1986-2019 Xilinx, Inc. All Rights Reserved.
--------------------------------------------------------------------------------------
| Tool Version : Vivado v.2018.3.1 (win64) Build 2489853 Tue Mar 26 04:20:25 MDT 2019
| Date         : Thu Mar 19 20:36:59 2026
| Host         : DESKTOP-CDKE44D running 64-bit major release  (build 9200)
| Command      : upgrade_ip
| Device       : xc7a100tcsg324-1
--------------------------------------------------------------------------------------

Upgrade Log for IP 'design_1_axi_ram_0_0'

1. Summary
----------

SUCCESS in the upgrade of design_1_axi_ram_0_0 (xilinx.com:user:axi_ram:1.0) from (Rev. 9) to (Rev. 10)






Copyright 1986-2019 Xilinx, Inc. All Rights Reserved.
--------------------------------------------------------------------------------------
| Tool Version : Vivado v.2018.3.1 (win64) Build 2489853 Tue Mar 26 04:20:25 MDT 2019
| Date         : Thu Mar 19 20:19:25 2026
| Host         : DESKTOP-CDKE44D running 64-bit major release  (build 9200)
| Command      : upgrade_ip
| Device       : xc7a100tcsg324-1
--------------------------------------------------------------------------------------

Upgrade Log for IP 'design_1_axi_ram_0_0'

1. Summary
----------

SUCCESS in the upgrade of design_1_axi_ram_0_0 (xilinx.com:user:axi_ram:1.0) from (Rev. 8) to (Rev. 9)






Copyright 1986-2019 Xilinx, Inc. All Rights Reserved.
--------------------------------------------------------------------------------------
| Tool Version : Vivado v.2018.3.1 (win64) Build 2489853 Tue Mar 26 04:20:25 MDT 2019
| Date         : Thu Mar 19 19:55:13 2026
| Host         : DESKTOP-CDKE44D running 64-bit major release  (build 9200)
| Command      : upgrade_ip
| Device       : xc7a100tcsg324-1
--------------------------------------------------------------------------------------

Upgrade Log for IP 'design_1_axi_ram_0_0'

1. Summary
----------

SUCCESS in the upgrade of design_1_axi_ram_0_0 (xilinx.com:user:axi_ram:1.0) from (Rev. 7) to (Rev. 8)






Copyright 1986-2019 Xilinx, Inc. All Rights Reserved.
--------------------------------------------------------------------------------------
| Tool Version : Vivado v.2018.3.1 (win64) Build 2489853 Tue Mar 26 04:20:25 MDT 2019
| Date         : Thu Mar 19 19:42:50 2026
| Host         : DESKTOP-CDKE44D running 64-bit major release  (build 9200)
| Command      : upgrade_ip
| Device       : xc7a100tcsg324-1
--------------------------------------------------------------------------------------

Upgrade Log for IP 'design_1_axi_ram_0_0'

1. Summary
----------

SUCCESS in the upgrade of design_1_axi_ram_0_0 (xilinx.com:user:axi_ram:1.0) from (Rev. 5) to (Rev. 7)






Copyright 1986-2019 Xilinx, Inc. All Rights Reserved.
--------------------------------------------------------------------------------------
| Tool Version : Vivado v.2018.3.1 (win64) Build 2489853 Tue Mar 26 04:20:25 MDT 2019
| Date         : Thu Mar 19 17:03:37 2026
| Host         : DESKTOP-CDKE44D running 64-bit major release  (build 9200)
| Command      : upgrade_ip
| Device       : xc7a100tcsg324-1
--------------------------------------------------------------------------------------

Upgrade Log for IP 'design_1_axi_ram_0_0'

1. Summary
----------

CAUTION (success, with warnings) in the upgrade of design_1_axi_ram_0_0 (xilinx.com:user:axi_ram:1.0) from (Rev. 4) to (Rev. 5)

After upgrade, an IP may have parameter and port differences compared to the original customization. Please review the parameters within the IP customization GUI to ensure proper functionality. Also, please review the updated IP instantiation template to ensure proper connectivity, and update your design if required.

2. Connection Warnings
----------------------

Detected external port differences while upgrading 'design_1_axi_ram_0_0'. These changes may impact your design.


-Upgrade has removed port 'a_addr'

-Upgrade has removed port 'a_din'

-Upgrade has removed port 'a_dout'

-Upgrade has removed port 'a_en'

-Upgrade has removed port 'a_we'

-Upgrade has removed port 'b_addr'

-Upgrade has removed port 'b_din'

-Upgrade has removed port 'b_dout'

-Upgrade has removed port 'b_en'

-Upgrade has removed port 'b_we'

-Upgrade has removed port 'bram_addra'

-Upgrade has removed port 'bram_addrb'

-Upgrade has removed port 'bram_dina'

-Upgrade has removed port 'bram_dinb'

-Upgrade has removed port 'bram_douta'

-Upgrade has removed port 'bram_doutb'

-Upgrade has removed port 'bram_ena'

-Upgrade has removed port 'bram_enb'

-Upgrade has removed port 'bram_rsta'

-Upgrade has removed port 'bram_rstb'

-Upgrade has removed port 'bram_wea'

-Upgrade has removed port 'bram_web'







Copyright 1986-2019 Xilinx, Inc. All Rights Reserved.
--------------------------------------------------------------------------------------
| Tool Version : Vivado v.2018.3.1 (win64) Build 2489853 Tue Mar 26 04:20:25 MDT 2019
| Date         : Wed Mar 11 21:10:09 2026
| Host         : DESKTOP-CDKE44D running 64-bit major release  (build 9200)
| Command      : upgrade_ip
| Device       : xc7a100tcsg324-1
--------------------------------------------------------------------------------------

Upgrade Log for IP 'design_1_mem_controller_0_1'

1. Summary
----------

SUCCESS in the upgrade of design_1_mem_controller_0_1 (xilinx.com:user:mem_controller:1.0) from (Rev. 39) to (Rev. 40)






Copyright 1986-2019 Xilinx, Inc. All Rights Reserved.
--------------------------------------------------------------------------------------
| Tool Version : Vivado v.2018.3.1 (win64) Build 2489853 Tue Mar 26 04:20:25 MDT 2019
| Date         : Wed Mar 11 21:07:24 2026
| Host         : DESKTOP-CDKE44D running 64-bit major release  (build 9200)
| Command      : upgrade_ip
| Device       : xc7a100tcsg324-1
--------------------------------------------------------------------------------------

Upgrade Log for IP 'design_1_mem_controller_0_1'

1. Summary
----------

CAUTION (success, with warnings) in the upgrade of design_1_mem_controller_0_1 (xilinx.com:user:mem_controller:1.0) from (Rev. 38) to (Rev. 39)

After upgrade, an IP may have parameter and port differences compared to the original customization. Please review the parameters within the IP customization GUI to ensure proper functionality. Also, please review the updated IP instantiation template to ensure proper connectivity, and update your design if required.

2. Connection Warnings
----------------------

Detected external port differences while upgrading 'design_1_mem_controller_0_1'. These changes may impact your design.


-Upgrade has added port 'a_read_val_sig'

-Upgrade has added port 'b_read_val_sig'







Copyright 1986-2019 Xilinx, Inc. All Rights Reserved.
--------------------------------------------------------------------------------------
| Tool Version : Vivado v.2018.3.1 (win64) Build 2489853 Tue Mar 26 04:20:25 MDT 2019
| Date         : Tue Mar 10 22:44:08 2026
| Host         : DESKTOP-CDKE44D running 64-bit major release  (build 9200)
| Command      : upgrade_ip
| Device       : xc7a100tcsg324-1
--------------------------------------------------------------------------------------

Upgrade Log for IP 'design_1_mem_controller_0_1'

1. Summary
----------

SUCCESS in the upgrade of design_1_mem_controller_0_1 (xilinx.com:user:mem_controller:1.0) from (Rev. 37) to (Rev. 38)






Copyright 1986-2019 Xilinx, Inc. All Rights Reserved.
--------------------------------------------------------------------------------------
| Tool Version : Vivado v.2018.3.1 (win64) Build 2489853 Tue Mar 26 04:20:25 MDT 2019
| Date         : Tue Mar 10 22:30:54 2026
| Host         : DESKTOP-CDKE44D running 64-bit major release  (build 9200)
| Command      : upgrade_ip
| Device       : xc7a100tcsg324-1
--------------------------------------------------------------------------------------

Upgrade Log for IP 'design_1_mem_controller_0_1'

1. Summary
----------

SUCCESS in the upgrade of design_1_mem_controller_0_1 (xilinx.com:user:mem_controller:1.0) from (Rev. 36) to (Rev. 37)






Copyright 1986-2019 Xilinx, Inc. All Rights Reserved.
--------------------------------------------------------------------------------------
| Tool Version : Vivado v.2018.3.1 (win64) Build 2489853 Tue Mar 26 04:20:25 MDT 2019
| Date         : Tue Mar 10 22:08:01 2026
| Host         : DESKTOP-CDKE44D running 64-bit major release  (build 9200)
| Command      : upgrade_ip
| Device       : xc7a100tcsg324-1
--------------------------------------------------------------------------------------

Upgrade Log for IP 'design_1_mem_controller_0_1'

1. Summary
----------

CAUTION (success, with warnings) in the upgrade of design_1_mem_controller_0_1 (xilinx.com:user:mem_controller:1.0) from (Rev. 35) to (Rev. 36)

After upgrade, an IP may have parameter and port differences compared to the original customization. Please review the parameters within the IP customization GUI to ensure proper functionality. Also, please review the updated IP instantiation template to ensure proper connectivity, and update your design if required.

2. Connection Warnings
----------------------

Detected external port differences while upgrading 'design_1_mem_controller_0_1'. These changes may impact your design.


-Upgrade has added port 'a_addr'

-Upgrade has added port 'a_din'

-Upgrade has added port 'a_dout'

-Upgrade has added port 'a_en'

-Upgrade has added port 'a_we'

-Upgrade has added port 'b_addr'

-Upgrade has added port 'b_din'

-Upgrade has added port 'b_dout'

-Upgrade has added port 'b_en'

-Upgrade has added port 'b_we'

-Upgrade has added port 'bram_addra'

-Upgrade has added port 'bram_addrb'

-Upgrade has added port 'bram_dina'

-Upgrade has added port 'bram_dinb'

-Upgrade has added port 'bram_douta'

-Upgrade has added port 'bram_doutb'

-Upgrade has added port 'bram_ena'

-Upgrade has added port 'bram_enb'

-Upgrade has added port 'bram_rsta'

-Upgrade has added port 'bram_rstb'

-Upgrade has added port 'bram_wea'

-Upgrade has added port 'bram_web'







Copyright 1986-2019 Xilinx, Inc. All Rights Reserved.
--------------------------------------------------------------------------------------
| Tool Version : Vivado v.2018.3.1 (win64) Build 2489853 Tue Mar 26 04:20:25 MDT 2019
| Date         : Tue Mar 10 22:01:41 2026
| Host         : DESKTOP-CDKE44D running 64-bit major release  (build 9200)
| Command      : upgrade_ip
| Device       : xc7a100tcsg324-1
--------------------------------------------------------------------------------------

Upgrade Log for IP 'design_1_mem_controller_0_1'

1. Summary
----------

SUCCESS in the upgrade of design_1_mem_controller_0_1 (xilinx.com:user:mem_controller:1.0) from (Rev. 34) to (Rev. 35)






Copyright 1986-2019 Xilinx, Inc. All Rights Reserved.
--------------------------------------------------------------------------------------
| Tool Version : Vivado v.2018.3.1 (win64) Build 2489853 Tue Mar 26 04:20:25 MDT 2019
| Date         : Tue Mar 10 14:57:59 2026
| Host         : DESKTOP-CDKE44D running 64-bit major release  (build 9200)
| Command      : upgrade_ip
| Device       : xc7a100tcsg324-1
--------------------------------------------------------------------------------------

Upgrade Log for IP 'design_1_mem_controller_0_1'

1. Summary
----------

SUCCESS in the upgrade of design_1_mem_controller_0_1 (xilinx.com:user:mem_controller:1.0) from (Rev. 33) to (Rev. 34)






Copyright 1986-2019 Xilinx, Inc. All Rights Reserved.
--------------------------------------------------------------------------------------
| Tool Version : Vivado v.2018.3.1 (win64) Build 2489853 Tue Mar 26 04:20:25 MDT 2019
| Date         : Tue Mar 10 14:32:55 2026
| Host         : DESKTOP-CDKE44D running 64-bit major release  (build 9200)
| Command      : upgrade_ip
| Device       : xc7a100tcsg324-1
--------------------------------------------------------------------------------------

Upgrade Log for IP 'design_1_mem_controller_0_1'

1. Summary
----------

SUCCESS in the upgrade of design_1_mem_controller_0_1 (xilinx.com:user:mem_controller:1.0) from (Rev. 32) to (Rev. 33)






Copyright 1986-2019 Xilinx, Inc. All Rights Reserved.
--------------------------------------------------------------------------------------
| Tool Version : Vivado v.2018.3.1 (win64) Build 2489853 Tue Mar 26 04:20:25 MDT 2019
| Date         : Tue Mar 10 14:03:40 2026
| Host         : DESKTOP-CDKE44D running 64-bit major release  (build 9200)
| Command      : upgrade_ip
| Device       : xc7a100tcsg324-1
--------------------------------------------------------------------------------------

Upgrade Log for IP 'design_1_mem_controller_0_1'

1. Summary
----------

SUCCESS in the upgrade of design_1_mem_controller_0_1 (xilinx.com:user:mem_controller:1.0) from (Rev. 26) to (Rev. 32)






Copyright 1986-2019 Xilinx, Inc. All Rights Reserved.
--------------------------------------------------------------------------------------
| Tool Version : Vivado v.2018.3.1 (win64) Build 2489853 Tue Mar 26 04:20:25 MDT 2019
| Date         : Mon Mar  9 19:36:07 2026
| Host         : DESKTOP-CDKE44D running 64-bit major release  (build 9200)
| Command      : upgrade_ip
| Device       : xc7a100tcsg324-1
--------------------------------------------------------------------------------------

Upgrade Log for IP 'design_1_mem_controller_0_0'

1. Summary
----------

SUCCESS in the upgrade of design_1_mem_controller_0_0 (xilinx.com:user:mem_controller:1.0) from (Rev. 25) to (Rev. 26)






Copyright 1986-2019 Xilinx, Inc. All Rights Reserved.
--------------------------------------------------------------------------------------
| Tool Version : Vivado v.2018.3.1 (win64) Build 2489853 Tue Mar 26 04:20:25 MDT 2019
| Date         : Mon Mar  9 17:35:19 2026
| Host         : DESKTOP-CDKE44D running 64-bit major release  (build 9200)
| Command      : upgrade_ip
| Device       : xc7a100tcsg324-1
--------------------------------------------------------------------------------------

Upgrade Log for IP 'design_1_mem_controller_0_0'

1. Summary
----------

SUCCESS in the upgrade of design_1_mem_controller_0_0 (xilinx.com:user:mem_controller:1.0) from (Rev. 24) to (Rev. 25)






Copyright 1986-2019 Xilinx, Inc. All Rights Reserved.
--------------------------------------------------------------------------------------
| Tool Version : Vivado v.2018.3.1 (win64) Build 2489853 Tue Mar 26 04:20:25 MDT 2019
| Date         : Mon Mar  9 17:31:25 2026
| Host         : DESKTOP-CDKE44D running 64-bit major release  (build 9200)
| Command      : upgrade_ip
| Device       : xc7a100tcsg324-1
--------------------------------------------------------------------------------------

Upgrade Log for IP 'design_1_mem_controller_0_0'

1. Summary
----------

CAUTION (success, with warnings) in the upgrade of design_1_mem_controller_0_0 (xilinx.com:user:mem_controller:1.0) from (Rev. 23) to (Rev. 24)

After upgrade, an IP may have parameter and port differences compared to the original customization. Please review the parameters within the IP customization GUI to ensure proper functionality. Also, please review the updated IP instantiation template to ensure proper connectivity, and update your design if required.

2. Connection Warnings
----------------------

Detected external port differences while upgrading 'design_1_mem_controller_0_0'. These changes may impact your design.


-Upgrade has added port 'bram_addr'

-Upgrade has added port 'bram_din'

-Upgrade has added port 'bram_dout'

-Upgrade has added port 'bram_en'

-Upgrade has added port 'bram_we'







Copyright 1986-2019 Xilinx, Inc. All Rights Reserved.
--------------------------------------------------------------------------------------
| Tool Version : Vivado v.2018.3.1 (win64) Build 2489853 Tue Mar 26 04:20:25 MDT 2019
| Date         : Mon Mar  9 17:29:43 2026
| Host         : DESKTOP-CDKE44D running 64-bit major release  (build 9200)
| Command      : upgrade_ip
| Device       : xc7a100tcsg324-1
--------------------------------------------------------------------------------------

Upgrade Log for IP 'design_1_mem_controller_0_0'

1. Summary
----------

SUCCESS in the conversion of design_1_mem_controller_0_0 (xilinx.com:user:mem_controller:1.0 (Rev. 23)) to Vivado generation flows.






Copyright 1986-2019 Xilinx, Inc. All Rights Reserved.
--------------------------------------------------------------------------------------
| Tool Version : Vivado v.2018.3.1 (win64) Build 2489853 Tue Mar 26 04:20:25 MDT 2019
| Date         : Tue Mar  3 15:05:21 2026
| Host         : DESKTOP-CDKE44D running 64-bit major release  (build 9200)
| Command      : upgrade_ip
| Device       : xc7a100tcsg324-1
--------------------------------------------------------------------------------------

Upgrade Log for IP 'design_1_mem_controller_0_0'

1. Summary
----------

SUCCESS in the conversion of design_1_mem_controller_0_0 (xilinx.com:user:mem_controller:1.0 (Rev. 23)) to Vivado generation flows.






Copyright 1986-2019 Xilinx, Inc. All Rights Reserved.
--------------------------------------------------------------------------------------
| Tool Version : Vivado v.2018.3.1 (win64) Build 2489853 Tue Mar 26 04:20:25 MDT 2019
| Date         : Tue Mar  3 14:56:16 2026
| Host         : DESKTOP-CDKE44D running 64-bit major release  (build 9200)
| Command      : upgrade_ip
| Device       : xc7a100tcsg324-1
--------------------------------------------------------------------------------------

Upgrade Log for IP 'design_1_mem_controller_0_0'

1. Summary
----------

SUCCESS in the upgrade of design_1_mem_controller_0_0 (xilinx.com:user:mem_controller:1.0) from (Rev. 22) to (Rev. 23)






Copyright 1986-2019 Xilinx, Inc. All Rights Reserved.
--------------------------------------------------------------------------------------
| Tool Version : Vivado v.2018.3.1 (win64) Build 2489853 Tue Mar 26 04:20:25 MDT 2019
| Date         : Tue Mar  3 14:46:03 2026
| Host         : DESKTOP-CDKE44D running 64-bit major release  (build 9200)
| Command      : upgrade_ip
| Device       : xc7a100tcsg324-1
--------------------------------------------------------------------------------------

Upgrade Log for IP 'design_1_mem_controller_0_0'

1. Summary
----------

SUCCESS in the conversion of design_1_mem_controller_0_0 (xilinx.com:user:mem_controller:1.0 (Rev. 22)) to Vivado generation flows.






Copyright 1986-2019 Xilinx, Inc. All Rights Reserved.
--------------------------------------------------------------------------------------
| Tool Version : Vivado v.2018.3.1 (win64) Build 2489853 Tue Mar 26 04:20:25 MDT 2019
| Date         : Tue Mar  3 14:22:16 2026
| Host         : DESKTOP-CDKE44D running 64-bit major release  (build 9200)
| Command      : upgrade_ip
| Device       : xc7a100tcsg324-1
--------------------------------------------------------------------------------------

Upgrade Log for IP 'design_1_mem_controller_0_0'

1. Summary
----------

SUCCESS in the conversion of design_1_mem_controller_0_0 (xilinx.com:user:mem_controller:1.0 (Rev. 22)) to Vivado generation flows.






Copyright 1986-2019 Xilinx, Inc. All Rights Reserved.
--------------------------------------------------------------------------------------
| Tool Version : Vivado v.2018.3.1 (win64) Build 2489853 Tue Mar 26 04:20:25 MDT 2019
| Date         : Tue Mar  3 14:17:21 2026
| Host         : DESKTOP-CDKE44D running 64-bit major release  (build 9200)
| Command      : upgrade_ip
| Device       : xc7a100tcsg324-1
--------------------------------------------------------------------------------------

Upgrade Log for IP 'design_1_mem_controller_0_0'

1. Summary
----------

SUCCESS in the conversion of design_1_mem_controller_0_0 (xilinx.com:user:mem_controller:1.0 (Rev. 22)) to Vivado generation flows.






Copyright 1986-2019 Xilinx, Inc. All Rights Reserved.
--------------------------------------------------------------------------------------
| Tool Version : Vivado v.2018.3.1 (win64) Build 2489853 Tue Mar 26 04:20:25 MDT 2019
| Date         : Tue Mar  3 14:14:47 2026
| Host         : DESKTOP-CDKE44D running 64-bit major release  (build 9200)
| Command      : upgrade_ip
| Device       : xc7a100tcsg324-1
--------------------------------------------------------------------------------------

Upgrade Log for IP 'design_1_mem_controller_0_0'

1. Summary
----------

SUCCESS in the upgrade of design_1_mem_controller_0_0 (xilinx.com:user:mem_controller:1.0) from (Rev. 21) to (Rev. 22)






Copyright 1986-2019 Xilinx, Inc. All Rights Reserved.
--------------------------------------------------------------------------------------
| Tool Version : Vivado v.2018.3.1 (win64) Build 2489853 Tue Mar 26 04:20:25 MDT 2019
| Date         : Tue Mar  3 14:09:18 2026
| Host         : DESKTOP-CDKE44D running 64-bit major release  (build 9200)
| Command      : upgrade_ip
| Device       : xc7a100tcsg324-1
--------------------------------------------------------------------------------------

Upgrade Log for IP 'design_1_mem_controller_0_0'

1. Summary
----------

SUCCESS in the conversion of design_1_mem_controller_0_0 (xilinx.com:user:mem_controller:1.0 (Rev. 21)) to Vivado generation flows.






Copyright 1986-2019 Xilinx, Inc. All Rights Reserved.
--------------------------------------------------------------------------------------
| Tool Version : Vivado v.2018.3.1 (win64) Build 2489853 Tue Mar 26 04:20:25 MDT 2019
| Date         : Tue Mar  3 13:59:11 2026
| Host         : DESKTOP-CDKE44D running 64-bit major release  (build 9200)
| Command      : upgrade_ip
| Device       : xc7a100tcsg324-1
--------------------------------------------------------------------------------------

Upgrade Log for IP 'design_1_mem_controller_0_0'

1. Summary
----------

SUCCESS in the conversion of design_1_mem_controller_0_0 (xilinx.com:user:mem_controller:1.0 (Rev. 21)) to Vivado generation flows.






Copyright 1986-2019 Xilinx, Inc. All Rights Reserved.
--------------------------------------------------------------------------------------
| Tool Version : Vivado v.2018.3.1 (win64) Build 2489853 Tue Mar 26 04:20:25 MDT 2019
| Date         : Tue Mar  3 13:34:41 2026
| Host         : DESKTOP-CDKE44D running 64-bit major release  (build 9200)
| Command      : upgrade_ip
| Device       : xc7a100tcsg324-1
--------------------------------------------------------------------------------------

Upgrade Log for IP 'design_1_mem_controller_0_0'

1. Summary
----------

SUCCESS in the conversion of design_1_mem_controller_0_0 (xilinx.com:user:mem_controller:1.0 (Rev. 21)) to Vivado generation flows.






Copyright 1986-2019 Xilinx, Inc. All Rights Reserved.
--------------------------------------------------------------------------------------
| Tool Version : Vivado v.2018.3.1 (win64) Build 2489853 Tue Mar 26 04:20:25 MDT 2019
| Date         : Tue Mar  3 13:23:35 2026
| Host         : DESKTOP-CDKE44D running 64-bit major release  (build 9200)
| Command      : upgrade_ip
| Device       : xc7a100tcsg324-1
--------------------------------------------------------------------------------------

Upgrade Log for IP 'design_1_mem_controller_0_0'

1. Summary
----------

SUCCESS in the upgrade of design_1_mem_controller_0_0 (xilinx.com:user:mem_controller:1.0) from (Rev. 20) to (Rev. 21)






Copyright 1986-2019 Xilinx, Inc. All Rights Reserved.
--------------------------------------------------------------------------------------
| Tool Version : Vivado v.2018.3.1 (win64) Build 2489853 Tue Mar 26 04:20:25 MDT 2019
| Date         : Tue Mar  3 00:49:11 2026
| Host         : DESKTOP-CDKE44D running 64-bit major release  (build 9200)
| Command      : upgrade_ip
| Device       : xc7a100tcsg324-1
--------------------------------------------------------------------------------------

Upgrade Log for IP 'design_1_mem_controller_0_0'

1. Summary
----------

SUCCESS in the upgrade of design_1_mem_controller_0_0 (xilinx.com:user:mem_controller:1.0) from (Rev. 19) to (Rev. 20)






Copyright 1986-2019 Xilinx, Inc. All Rights Reserved.
--------------------------------------------------------------------------------------
| Tool Version : Vivado v.2018.3.1 (win64) Build 2489853 Tue Mar 26 04:20:25 MDT 2019
| Date         : Tue Mar  3 00:45:37 2026
| Host         : DESKTOP-CDKE44D running 64-bit major release  (build 9200)
| Command      : upgrade_ip
| Device       : xc7a100tcsg324-1
--------------------------------------------------------------------------------------

Upgrade Log for IP 'design_1_mem_controller_0_0'

1. Summary
----------

SUCCESS in the upgrade of design_1_mem_controller_0_0 (xilinx.com:user:mem_controller:1.0) from (Rev. 18) to (Rev. 19)






Copyright 1986-2019 Xilinx, Inc. All Rights Reserved.
--------------------------------------------------------------------------------------
| Tool Version : Vivado v.2018.3.1 (win64) Build 2489853 Tue Mar 26 04:20:25 MDT 2019
| Date         : Tue Mar  3 00:38:58 2026
| Host         : DESKTOP-CDKE44D running 64-bit major release  (build 9200)
| Command      : upgrade_ip
| Device       : xc7a100tcsg324-1
--------------------------------------------------------------------------------------

Upgrade Log for IP 'design_1_mem_controller_0_0'

1. Summary
----------

SUCCESS in the upgrade of design_1_mem_controller_0_0 (xilinx.com:user:mem_controller:1.0) from (Rev. 17) to (Rev. 18)






Copyright 1986-2019 Xilinx, Inc. All Rights Reserved.
--------------------------------------------------------------------------------------
| Tool Version : Vivado v.2018.3.1 (win64) Build 2489853 Tue Mar 26 04:20:25 MDT 2019
| Date         : Mon Mar  2 23:39:16 2026
| Host         : DESKTOP-CDKE44D running 64-bit major release  (build 9200)
| Command      : upgrade_ip
| Device       : xc7a100tcsg324-1
--------------------------------------------------------------------------------------

Upgrade Log for IP 'design_1_mem_controller_0_0'

1. Summary
----------

SUCCESS in the upgrade of design_1_mem_controller_0_0 (xilinx.com:user:mem_controller:1.0) from (Rev. 16) to (Rev. 17)






Copyright 1986-2019 Xilinx, Inc. All Rights Reserved.
--------------------------------------------------------------------------------------
| Tool Version : Vivado v.2018.3.1 (win64) Build 2489853 Tue Mar 26 04:20:25 MDT 2019
| Date         : Mon Mar  2 23:13:10 2026
| Host         : DESKTOP-CDKE44D running 64-bit major release  (build 9200)
| Command      : upgrade_ip
| Device       : xc7a100tcsg324-1
--------------------------------------------------------------------------------------

Upgrade Log for IP 'design_1_mem_controller_0_0'

1. Summary
----------

SUCCESS in the conversion of design_1_mem_controller_0_0 (xilinx.com:user:mem_controller:1.0 (Rev. 16)) to Vivado generation flows.






Copyright 1986-2019 Xilinx, Inc. All Rights Reserved.
--------------------------------------------------------------------------------------
| Tool Version : Vivado v.2018.3.1 (win64) Build 2489853 Tue Mar 26 04:20:25 MDT 2019
| Date         : Mon Mar  2 23:09:55 2026
| Host         : DESKTOP-CDKE44D running 64-bit major release  (build 9200)
| Command      : upgrade_ip
| Device       : xc7a100tcsg324-1
--------------------------------------------------------------------------------------

Upgrade Log for IP 'design_1_mem_controller_0_0'

1. Summary
----------

SUCCESS in the conversion of design_1_mem_controller_0_0 (xilinx.com:user:mem_controller:1.0 (Rev. 16)) to Vivado generation flows.






Copyright 1986-2019 Xilinx, Inc. All Rights Reserved.
--------------------------------------------------------------------------------------
| Tool Version : Vivado v.2018.3.1 (win64) Build 2489853 Tue Mar 26 04:20:25 MDT 2019
| Date         : Mon Mar  2 22:49:24 2026
| Host         : DESKTOP-CDKE44D running 64-bit major release  (build 9200)
| Command      : upgrade_ip
| Device       : xc7a100tcsg324-1
--------------------------------------------------------------------------------------

Upgrade Log for IP 'design_1_mem_controller_0_0'

1. Summary
----------

SUCCESS in the conversion of design_1_mem_controller_0_0 (xilinx.com:user:mem_controller:1.0 (Rev. 16)) to Vivado generation flows.






Copyright 1986-2019 Xilinx, Inc. All Rights Reserved.
--------------------------------------------------------------------------------------
| Tool Version : Vivado v.2018.3.1 (win64) Build 2489853 Tue Mar 26 04:20:25 MDT 2019
| Date         : Mon Mar  2 22:03:23 2026
| Host         : DESKTOP-CDKE44D running 64-bit major release  (build 9200)
| Command      : upgrade_ip
| Device       : xc7a100tcsg324-1
--------------------------------------------------------------------------------------

Upgrade Log for IP 'design_1_mem_controller_0_0'

1. Summary
----------

SUCCESS in the conversion of design_1_mem_controller_0_0 (xilinx.com:user:mem_controller:1.0 (Rev. 16)) to Vivado generation flows.






Copyright 1986-2019 Xilinx, Inc. All Rights Reserved.
--------------------------------------------------------------------------------------
| Tool Version : Vivado v.2018.3.1 (win64) Build 2489853 Tue Mar 26 04:20:25 MDT 2019
| Date         : Mon Mar  2 21:55:51 2026
| Host         : DESKTOP-CDKE44D running 64-bit major release  (build 9200)
| Command      : upgrade_ip
| Device       : xc7a100tcsg324-1
--------------------------------------------------------------------------------------

Upgrade Log for IP 'design_1_mem_controller_0_0'

1. Summary
----------

SUCCESS in the upgrade of design_1_mem_controller_0_0 (xilinx.com:user:mem_controller:1.0) from (Rev. 15) to (Rev. 16)






Copyright 1986-2019 Xilinx, Inc. All Rights Reserved.
--------------------------------------------------------------------------------------
| Tool Version : Vivado v.2018.3.1 (win64) Build 2489853 Tue Mar 26 04:20:25 MDT 2019
| Date         : Mon Mar  2 21:44:20 2026
| Host         : DESKTOP-CDKE44D running 64-bit major release  (build 9200)
| Command      : upgrade_ip
| Device       : xc7a100tcsg324-1
--------------------------------------------------------------------------------------

Upgrade Log for IP 'design_1_mem_controller_0_0'

1. Summary
----------

SUCCESS in the conversion of design_1_mem_controller_0_0 (xilinx.com:user:mem_controller:1.0 (Rev. 15)) to Vivado generation flows.






Copyright 1986-2019 Xilinx, Inc. All Rights Reserved.
--------------------------------------------------------------------------------------
| Tool Version : Vivado v.2018.3.1 (win64) Build 2489853 Tue Mar 26 04:20:25 MDT 2019
| Date         : Mon Mar  2 21:17:06 2026
| Host         : DESKTOP-CDKE44D running 64-bit major release  (build 9200)
| Command      : upgrade_ip
| Device       : xc7a100tcsg324-1
--------------------------------------------------------------------------------------

Upgrade Log for IP 'design_1_mem_controller_0_0'

1. Summary
----------

SUCCESS in the upgrade of design_1_mem_controller_0_0 (xilinx.com:user:mem_controller:1.0) from (Rev. 14) to (Rev. 15)






Copyright 1986-2019 Xilinx, Inc. All Rights Reserved.
--------------------------------------------------------------------------------------
| Tool Version : Vivado v.2018.3.1 (win64) Build 2489853 Tue Mar 26 04:20:25 MDT 2019
| Date         : Mon Mar  2 20:45:13 2026
| Host         : DESKTOP-CDKE44D running 64-bit major release  (build 9200)
| Command      : upgrade_ip
| Device       : xc7a100tcsg324-1
--------------------------------------------------------------------------------------

Upgrade Log for IP 'design_1_mem_controller_0_0'

1. Summary
----------

SUCCESS in the upgrade of design_1_mem_controller_0_0 (xilinx.com:user:mem_controller:1.0) from (Rev. 13) to (Rev. 14)






Copyright 1986-2019 Xilinx, Inc. All Rights Reserved.
--------------------------------------------------------------------------------------
| Tool Version : Vivado v.2018.3.1 (win64) Build 2489853 Tue Mar 26 04:20:25 MDT 2019
| Date         : Mon Mar  2 18:10:51 2026
| Host         : DESKTOP-CDKE44D running 64-bit major release  (build 9200)
| Command      : upgrade_ip
| Device       : xc7a100tcsg324-1
--------------------------------------------------------------------------------------

Upgrade Log for IP 'design_1_mem_controller_0_0'

1. Summary
----------

SUCCESS in the upgrade of design_1_mem_controller_0_0 (xilinx.com:user:mem_controller:1.0) from (Rev. 12) to (Rev. 13)






Copyright 1986-2019 Xilinx, Inc. All Rights Reserved.
--------------------------------------------------------------------------------------
| Tool Version : Vivado v.2018.3.1 (win64) Build 2489853 Tue Mar 26 04:20:25 MDT 2019
| Date         : Mon Mar  2 16:08:43 2026
| Host         : DESKTOP-CDKE44D running 64-bit major release  (build 9200)
| Command      : upgrade_ip
| Device       : xc7a100tcsg324-1
--------------------------------------------------------------------------------------

Upgrade Log for IP 'design_1_mem_controller_0_0'

1. Summary
----------

SUCCESS in the upgrade of design_1_mem_controller_0_0 (xilinx.com:user:mem_controller:1.0) from (Rev. 11) to (Rev. 12)






Copyright 1986-2019 Xilinx, Inc. All Rights Reserved.
--------------------------------------------------------------------------------------
| Tool Version : Vivado v.2018.3.1 (win64) Build 2489853 Tue Mar 26 04:20:25 MDT 2019
| Date         : Mon Mar  2 15:51:14 2026
| Host         : DESKTOP-CDKE44D running 64-bit major release  (build 9200)
| Command      : upgrade_ip
| Device       : xc7a100tcsg324-1
--------------------------------------------------------------------------------------

Upgrade Log for IP 'design_1_mem_controller_0_0'

1. Summary
----------

SUCCESS in the upgrade of design_1_mem_controller_0_0 (xilinx.com:user:mem_controller:1.0) from (Rev. 10) to (Rev. 11)






Copyright 1986-2019 Xilinx, Inc. All Rights Reserved.
--------------------------------------------------------------------------------------
| Tool Version : Vivado v.2018.3.1 (win64) Build 2489853 Tue Mar 26 04:20:25 MDT 2019
| Date         : Mon Mar  2 14:51:06 2026
| Host         : DESKTOP-CDKE44D running 64-bit major release  (build 9200)
| Command      : upgrade_ip
| Device       : xc7a100tcsg324-1
--------------------------------------------------------------------------------------

Upgrade Log for IP 'design_1_mem_controller_0_0'

1. Summary
----------

SUCCESS in the upgrade of design_1_mem_controller_0_0 (xilinx.com:user:mem_controller:1.0) from (Rev. 9) to (Rev. 10)






Copyright 1986-2019 Xilinx, Inc. All Rights Reserved.
--------------------------------------------------------------------------------------
| Tool Version : Vivado v.2018.3.1 (win64) Build 2489853 Tue Mar 26 04:20:25 MDT 2019
| Date         : Mon Mar  2 14:42:30 2026
| Host         : DESKTOP-CDKE44D running 64-bit major release  (build 9200)
| Command      : upgrade_ip
| Device       : xc7a100tcsg324-1
--------------------------------------------------------------------------------------

Upgrade Log for IP 'design_1_mem_controller_0_0'

1. Summary
----------

SUCCESS in the upgrade of design_1_mem_controller_0_0 (xilinx.com:user:mem_controller:1.0) from (Rev. 7) to (Rev. 9)

