#-----------------------------------------------------------
# Vivado v2018.3.1 (64-bit)
# SW Build 2489853 on Tue Mar 26 04:20:25 MDT 2019
# IP Build 2486929 on Tue Mar 26 06:44:21 MDT 2019
# Start of session at: Thu Mar 19 11:07:36 2026
# Process ID: 15364
# Current directory: C:/Users/khanm/Downloads/Memory_Controller-main/Memory_Controller-main/DDR_GOLDEN
# Command line: vivado.exe -gui_launcher_event rodinguilauncherevent23144 C:\Users\khanm\Downloads\Memory_Controller-main\Memory_Controller-main\DDR_GOLDEN\DDR_GOLDEN.xpr
# Log file: C:/Users/khanm/Downloads/Memory_Controller-main/Memory_Controller-main/DDR_GOLDEN/vivado.log
# Journal file: C:/Users/khanm/Downloads/Memory_Controller-main/Memory_Controller-main/DDR_GOLDEN\vivado.jou
#-----------------------------------------------------------
start_gui
open_project C:/Users/khanm/Downloads/Memory_Controller-main/Memory_Controller-main/DDR_GOLDEN/DDR_GOLDEN.xpr
INFO: [ProjectBase 1-489] The host OS only allows 260 characters in a normal path. The project is stored in a path with more than 80 characters. If you experience issues with IP, Block Designs, or files not being found, please consider moving the project to a location with a shorter path. Alternately consider using the OS subst command to map part of the path to a drive letter.
Current project path is 'C:/Users/khanm/Downloads/Memory_Controller-main/Memory_Controller-main/DDR_GOLDEN'
CRITICAL WARNING: [Project 1-19] Could not find the file 'C:/Users/khanm/Downloads/Memory_Controller-main/Memory_Controller-main/DDR_GOLDEN/DDR_GOLDEN.srcs/sources_1/bd/design_1/ip/design_1_mig_7series_0_1/board.prj'.
CRITICAL WARNING: [Project 1-19] Could not find the file 'C:/Users/khanm/Downloads/Memory_Controller-main/Memory_Controller-main/DDR_GOLDEN/DDR_GOLDEN.srcs/sources_1/bd/design_1/ip/design_1_mig_7series_0_1/mig_a.prj'.
Scanning sources...
Finished scanning sources
INFO: [IP_Flow 19-234] Refreshing IP repositories
INFO: [IP_Flow 19-1700] Loaded user IP repository 'c:/Users/khanm/Downloads/Memory_Controller-main/Memory_Controller-main/mem'.
INFO: [IP_Flow 19-1700] Loaded user IP repository 'c:/Users/khanm/Downloads/Memory_Controller-main/Memory_Controller-main/DDR_GOLDEN/bram_test'.
INFO: [IP_Flow 19-2313] Loaded Vivado IP repository 'C:/Xilinx/Vivado/2018.3/data/ip'.
open_project: Time (s): cpu = 00:00:16 ; elapsed = 00:00:09 . Memory (MB): peak = 917.836 ; gain = 265.551
update_compile_order -fileset sources_1
set_property  ip_repo_paths  {c:/Users/khanm/Downloads/Memory_Controller-main/Memory_Controller-main/mem c:/Users/khanm/Downloads/Memory_Controller-main/Memory_Controller-main/DDR_GOLDEN/bram_test C:/Users/khanm/Downloads/Memory_Controller-main/Memory_Controller-main/axi4} [current_project]
update_ip_catalog
INFO: [IP_Flow 19-234] Refreshing IP repositories
INFO: [IP_Flow 19-1700] Loaded user IP repository 'c:/Users/khanm/Downloads/Memory_Controller-main/Memory_Controller-main/mem'.
INFO: [IP_Flow 19-1700] Loaded user IP repository 'c:/Users/khanm/Downloads/Memory_Controller-main/Memory_Controller-main/DDR_GOLDEN/bram_test'.
INFO: [IP_Flow 19-1700] Loaded user IP repository 'c:/Users/khanm/Downloads/Memory_Controller-main/Memory_Controller-main/axi4'.
open_bd_design {C:/Users/khanm/Downloads/Memory_Controller-main/Memory_Controller-main/DDR_GOLDEN/DDR_GOLDEN.srcs/sources_1/bd/design_1/design_1.bd}
Adding cell -- xilinx.com:ip:microblaze:11.0 - microblaze_0
Adding cell -- xilinx.com:ip:lmb_v10:3.0 - dlmb_v10
Adding cell -- xilinx.com:ip:lmb_v10:3.0 - ilmb_v10
Adding cell -- xilinx.com:ip:lmb_bram_if_cntlr:4.0 - dlmb_bram_if_cntlr
Adding cell -- xilinx.com:ip:lmb_bram_if_cntlr:4.0 - ilmb_bram_if_cntlr
Adding cell -- xilinx.com:ip:blk_mem_gen:8.4 - lmb_bram
Adding cell -- xilinx.com:ip:axi_interconnect:2.1 - microblaze_0_axi_periph
Adding cell -- xilinx.com:ip:axi_crossbar:2.1 - xbar
Adding cell -- xilinx.com:ip:axi_protocol_converter:2.1 - auto_pc
Adding cell -- xilinx.com:ip:axi_dwidth_converter:2.1 - auto_us
Adding cell -- xilinx.com:ip:axi_dwidth_converter:2.1 - auto_us
Adding cell -- xilinx.com:ip:axi_dwidth_converter:2.1 - auto_us
Adding cell -- xilinx.com:ip:axi_protocol_converter:2.1 - auto_pc
Adding cell -- xilinx.com:ip:axi_dwidth_converter:2.1 - auto_us
Adding cell -- xilinx.com:ip:axi_dwidth_converter:2.1 - auto_ds
Adding cell -- xilinx.com:ip:axi_protocol_converter:2.1 - auto_pc
Adding cell -- xilinx.com:ip:axi_dwidth_converter:2.1 - auto_ds
Adding cell -- xilinx.com:ip:axi_protocol_converter:2.1 - auto_pc
Adding cell -- xilinx.com:ip:axi_dwidth_converter:2.1 - auto_ds
Adding cell -- xilinx.com:ip:axi_protocol_converter:2.1 - auto_pc
Adding cell -- xilinx.com:ip:axi_dwidth_converter:2.1 - auto_ds
Adding cell -- xilinx.com:ip:axi_protocol_converter:2.1 - auto_pc
Adding cell -- xilinx.com:ip:axi_intc:4.1 - microblaze_0_axi_intc
Adding cell -- xilinx.com:ip:xlconcat:2.1 - microblaze_0_xlconcat
Adding cell -- xilinx.com:ip:mdm:3.2 - mdm_1
Adding cell -- xilinx.com:ip:proc_sys_reset:5.0 - rst_mig_7series_0_81M
Adding cell -- xilinx.com:ip:axi_uartlite:2.0 - axi_uartlite_0
Adding cell -- xilinx.com:ip:mig_7series:4.2 - mig_7series_0
Adding cell -- xilinx.com:ip:clk_wiz:6.0 - clk_wiz_0
Adding cell -- xilinx.com:ip:axi_bram_ctrl:4.1 - axi_bram_ctrl_0
Adding cell -- xilinx.com:ip:blk_mem_gen:8.4 - blk_mem_gen_0
Adding cell -- xilinx.com:ip:blk_mem_gen:8.4 - blk_mem_gen_1
Adding cell -- xilinx.com:user:mem_controller:1.0 - mem_controller_0
Adding cell -- xilinx.com:module_ref:bram_test:1.0 - bram_test_0
Successfully read diagram <design_1> from BD file <C:/Users/khanm/Downloads/Memory_Controller-main/Memory_Controller-main/DDR_GOLDEN/DDR_GOLDEN.srcs/sources_1/bd/design_1/design_1.bd>
open_bd_design: Time (s): cpu = 00:00:12 ; elapsed = 00:00:09 . Memory (MB): peak = 1952.480 ; gain = 148.332
startgroup
create_bd_cell -type ip -vlnv xilinx.com:user:axi_ram:1.0 axi_ram_0
endgroup
delete_bd_objs [get_bd_nets mem_controller_0_bram_dina] [get_bd_nets blk_mem_gen_1_douta] [get_bd_nets bram_test_0_bram_en] [get_bd_nets bram_test_0_bram_addr] [get_bd_nets bram_test_0_bram_we] [get_bd_nets mem_controller_0_bram_dout] [get_bd_intf_nets mem_controller_0_M_AXI] [get_bd_intf_nets microblaze_0_axi_periph_M04_AXI] [get_bd_nets mem_controller_0_bram_ena] [get_bd_nets mem_controller_0_bram_addra] [get_bd_nets mem_controller_0_bram_web] [get_bd_nets mem_controller_0_bram_addrb] [get_bd_nets mem_controller_0_bram_dinb] [get_bd_nets blk_mem_gen_1_doutb] [get_bd_nets mem_controller_0_bram_wea] [get_bd_nets mem_controller_0_bram_enb] [get_bd_nets bram_test_0_bram_din] [get_bd_cells mem_controller_0]
set_property location {4 1264 161} [get_bd_cells axi_ram_0]
set_property location {2 848 112} [get_bd_cells blk_mem_gen_1]
connect_bd_net [get_bd_pins axi_ram_0/a_en] [get_bd_pins blk_mem_gen_1/ena]
WARNING: [BD 41-1306] The connection to interface pin /blk_mem_gen_1/ena is being overridden by the user. This pin will not be connected as a part of interface connection BRAM_PORTA
connect_bd_net [get_bd_pins axi_ram_0/clk] [get_bd_pins mig_7series_0/ui_clk]
connect_bd_net [get_bd_pins axi_ram_0/a_we] [get_bd_pins blk_mem_gen_1/wea]
WARNING: [BD 41-1306] The connection to interface pin /blk_mem_gen_1/wea is being overridden by the user. This pin will not be connected as a part of interface connection BRAM_PORTA
connect_bd_net [get_bd_pins axi_ram_0/a_addr] [get_bd_pins blk_mem_gen_1/addra]
WARNING: [BD 41-1306] The connection to interface pin /blk_mem_gen_1/addra is being overridden by the user. This pin will not be connected as a part of interface connection BRAM_PORTA
undo
INFO: [Common 17-17] undo 'connect_bd_net [get_bd_pins axi_ram_0/a_addr] [get_bd_pins blk_mem_gen_1/addra]'
undo
INFO: [Common 17-17] undo 'connect_bd_net [get_bd_pins axi_ram_0/a_we] [get_bd_pins blk_mem_gen_1/wea]'
undo
INFO: [Common 17-17] undo 'connect_bd_net [get_bd_pins axi_ram_0/clk] [get_bd_pins mig_7series_0/ui_clk]'
connect_bd_net [get_bd_pins axi_ram_0/bram_dinb] [get_bd_pins blk_mem_gen_1/dinb]
WARNING: [BD 41-1306] The connection to interface pin /blk_mem_gen_1/dinb is being overridden by the user. This pin will not be connected as a part of interface connection BRAM_PORTB
connect_bd_net [get_bd_pins axi_ram_0/bram_addrb] [get_bd_pins blk_mem_gen_1/addrb]
WARNING: [BD 41-1306] The connection to interface pin /blk_mem_gen_1/addrb is being overridden by the user. This pin will not be connected as a part of interface connection BRAM_PORTB
connect_bd_net [get_bd_pins axi_ram_0/bram_web] [get_bd_pins blk_mem_gen_1/web]
WARNING: [BD 41-1306] The connection to interface pin /blk_mem_gen_1/web is being overridden by the user. This pin will not be connected as a part of interface connection BRAM_PORTB
connect_bd_net [get_bd_pins axi_ram_0/bram_enb] [get_bd_pins blk_mem_gen_1/enb]
WARNING: [BD 41-1306] The connection to interface pin /blk_mem_gen_1/enb is being overridden by the user. This pin will not be connected as a part of interface connection BRAM_PORTB
save_bd_design
WARNING: [BD 41-597] NET <Net> has no source
Wrote  : <C:\Users\khanm\Downloads\Memory_Controller-main\Memory_Controller-main\DDR_GOLDEN\DDR_GOLDEN.srcs\sources_1\bd\design_1\design_1.bd> 
Wrote  : <C:/Users/khanm/Downloads/Memory_Controller-main/Memory_Controller-main/DDR_GOLDEN/DDR_GOLDEN.srcs/sources_1/bd/design_1/ui/bd_1f5defd0.ui> 
