#-----------------------------------------------------------
# Vivado v2018.3.1 (64-bit)
# SW Build 2489853 on Tue Mar 26 04:20:25 MDT 2019
# IP Build 2486929 on Tue Mar 26 06:44:21 MDT 2019
# Start of session at: Thu Mar 19 15:47:25 2026
# Process ID: 7252
# Current directory: C:/Users/khanm/Downloads/Memory_Controller-main/Memory_Controller-main/DDR_GOLDEN
# Command line: vivado.exe -gui_launcher_event rodinguilauncherevent2480 C:\Users\khanm\Downloads\Memory_Controller-main\Memory_Controller-main\DDR_GOLDEN\DDR_GOLDEN.xpr
# Log file: C:/Users/khanm/Downloads/Memory_Controller-main/Memory_Controller-main/DDR_GOLDEN/vivado.log
# Journal file: C:/Users/khanm/Downloads/Memory_Controller-main/Memory_Controller-main/DDR_GOLDEN\vivado.jou
#-----------------------------------------------------------
start_gui
open_project C:/Users/khanm/Downloads/Memory_Controller-main/Memory_Controller-main/DDR_GOLDEN/DDR_GOLDEN.xpr
INFO: [ProjectBase 1-489] The host OS only allows 260 characters in a normal path. The project is stored in a path with more than 80 characters. If you experience issues with IP, Block Designs, or files not being found, please consider moving the project to a location with a shorter path. Alternately consider using the OS subst command to map part of the path to a drive letter.
Current project path is 'C:/Users/khanm/Downloads/Memory_Controller-main/Memory_Controller-main/DDR_GOLDEN'
CRITICAL WARNING: [Project 1-19] Could not find the file 'C:/Users/khanm/Downloads/Memory_Controller-main/Memory_Controller-main/DDR_GOLDEN/DDR_GOLDEN.srcs/sources_1/bd/design_1/ip/design_1_mig_7series_0_1/board.prj'.
CRITICAL WARNING: [Project 1-19] Could not find the file 'C:/Users/khanm/Downloads/Memory_Controller-main/Memory_Controller-main/DDR_GOLDEN/DDR_GOLDEN.srcs/sources_1/bd/design_1/ip/design_1_mig_7series_0_1/mig_a.prj'.
Scanning sources...
Finished scanning sources
INFO: [IP_Flow 19-234] Refreshing IP repositories
INFO: [IP_Flow 19-1700] Loaded user IP repository 'c:/Users/khanm/Downloads/Memory_Controller-main/Memory_Controller-main/mem'.
INFO: [IP_Flow 19-1700] Loaded user IP repository 'c:/Users/khanm/Downloads/Memory_Controller-main/Memory_Controller-main/DDR_GOLDEN/bram_test'.
INFO: [IP_Flow 19-1700] Loaded user IP repository 'c:/Users/khanm/Downloads/Memory_Controller-main/Memory_Controller-main/axi4'.
INFO: [IP_Flow 19-2313] Loaded Vivado IP repository 'C:/Xilinx/Vivado/2018.3/data/ip'.
open_project: Time (s): cpu = 00:00:33 ; elapsed = 00:00:25 . Memory (MB): peak = 1034.430 ; gain = 158.559
update_compile_order -fileset sources_1
open_bd_design {C:/Users/khanm/Downloads/Memory_Controller-main/Memory_Controller-main/DDR_GOLDEN/DDR_GOLDEN.srcs/sources_1/bd/design_1/design_1.bd}
Adding cell -- xilinx.com:ip:microblaze:11.0 - microblaze_0
Adding cell -- xilinx.com:ip:lmb_v10:3.0 - dlmb_v10
Adding cell -- xilinx.com:ip:lmb_v10:3.0 - ilmb_v10
Adding cell -- xilinx.com:ip:lmb_bram_if_cntlr:4.0 - dlmb_bram_if_cntlr
Adding cell -- xilinx.com:ip:lmb_bram_if_cntlr:4.0 - ilmb_bram_if_cntlr
Adding cell -- xilinx.com:ip:blk_mem_gen:8.4 - lmb_bram
Adding cell -- xilinx.com:ip:axi_interconnect:2.1 - microblaze_0_axi_periph
Adding cell -- xilinx.com:ip:axi_crossbar:2.1 - xbar
Adding cell -- xilinx.com:ip:axi_protocol_converter:2.1 - auto_pc
Adding cell -- xilinx.com:ip:axi_dwidth_converter:2.1 - auto_us
Adding cell -- xilinx.com:ip:axi_dwidth_converter:2.1 - auto_us
Adding cell -- xilinx.com:ip:axi_dwidth_converter:2.1 - auto_us
Adding cell -- xilinx.com:ip:axi_protocol_converter:2.1 - auto_pc
Adding cell -- xilinx.com:ip:axi_dwidth_converter:2.1 - auto_us
Adding cell -- xilinx.com:ip:axi_dwidth_converter:2.1 - auto_ds
Adding cell -- xilinx.com:ip:axi_protocol_converter:2.1 - auto_pc
Adding cell -- xilinx.com:ip:axi_dwidth_converter:2.1 - auto_ds
Adding cell -- xilinx.com:ip:axi_protocol_converter:2.1 - auto_pc
Adding cell -- xilinx.com:ip:axi_dwidth_converter:2.1 - auto_ds
Adding cell -- xilinx.com:ip:axi_protocol_converter:2.1 - auto_pc
Adding cell -- xilinx.com:ip:axi_dwidth_converter:2.1 - auto_ds
Adding cell -- xilinx.com:ip:axi_protocol_converter:2.1 - auto_pc
Adding cell -- xilinx.com:ip:axi_intc:4.1 - microblaze_0_axi_intc
Adding cell -- xilinx.com:ip:xlconcat:2.1 - microblaze_0_xlconcat
Adding cell -- xilinx.com:ip:mdm:3.2 - mdm_1
Adding cell -- xilinx.com:ip:proc_sys_reset:5.0 - rst_mig_7series_0_81M
Adding cell -- xilinx.com:ip:axi_uartlite:2.0 - axi_uartlite_0
Adding cell -- xilinx.com:ip:mig_7series:4.2 - mig_7series_0
Adding cell -- xilinx.com:ip:clk_wiz:6.0 - clk_wiz_0
Adding cell -- xilinx.com:ip:axi_bram_ctrl:4.1 - axi_bram_ctrl_0
Adding cell -- xilinx.com:ip:blk_mem_gen:8.4 - blk_mem_gen_0
Adding cell -- xilinx.com:ip:blk_mem_gen:8.4 - blk_mem_gen_1
Adding cell -- xilinx.com:module_ref:bram_test:1.0 - bram_test_0
Adding cell -- xilinx.com:user:axi_ram:1.0 - axi_ram_0
Successfully read diagram <design_1> from BD file <C:/Users/khanm/Downloads/Memory_Controller-main/Memory_Controller-main/DDR_GOLDEN/DDR_GOLDEN.srcs/sources_1/bd/design_1/design_1.bd>
open_bd_design: Time (s): cpu = 00:00:18 ; elapsed = 00:00:16 . Memory (MB): peak = 1844.500 ; gain = 89.598
delete_bd_objs [get_bd_nets tester_0_1] [get_bd_nets bram_test_0_test_pass] [get_bd_cells bram_test_0]
update_compile_order -fileset sources_1
exit
INFO: [Common 17-206] Exiting Vivado at Thu Mar 19 15:49:11 2026...
