INFO: [VRFC 10-163] Analyzing VHDL file "C:/Users/khanm/AppData/Roaming/Xilinx/Vivado/proj/DDR_GOLDEN/DDR_GOLDEN.ip_user_files/bd/design_1/ip/design_1_microblaze_0_0/sim/design_1_microblaze_0_0.vhd" into library xil_defaultlib
INFO: [VRFC 10-3107] analyzing entity 'design_1_microblaze_0_0'
INFO: [VRFC 10-163] Analyzing VHDL file "C:/Users/khanm/AppData/Roaming/Xilinx/Vivado/proj/DDR_GOLDEN/DDR_GOLDEN.ip_user_files/bd/design_1/ip/design_1_dlmb_v10_0/sim/design_1_dlmb_v10_0.vhd" into library xil_defaultlib
INFO: [VRFC 10-3107] analyzing entity 'design_1_dlmb_v10_0'
INFO: [VRFC 10-163] Analyzing VHDL file "C:/Users/khanm/AppData/Roaming/Xilinx/Vivado/proj/DDR_GOLDEN/DDR_GOLDEN.ip_user_files/bd/design_1/ip/design_1_ilmb_v10_0/sim/design_1_ilmb_v10_0.vhd" into library xil_defaultlib
INFO: [VRFC 10-3107] analyzing entity 'design_1_ilmb_v10_0'
INFO: [VRFC 10-163] Analyzing VHDL file "C:/Users/khanm/AppData/Roaming/Xilinx/Vivado/proj/DDR_GOLDEN/DDR_GOLDEN.ip_user_files/bd/design_1/ip/design_1_dlmb_bram_if_cntlr_0/sim/design_1_dlmb_bram_if_cntlr_0.vhd" into library xil_defaultlib
INFO: [VRFC 10-3107] analyzing entity 'design_1_dlmb_bram_if_cntlr_0'
INFO: [VRFC 10-163] Analyzing VHDL file "C:/Users/khanm/AppData/Roaming/Xilinx/Vivado/proj/DDR_GOLDEN/DDR_GOLDEN.ip_user_files/bd/design_1/ip/design_1_ilmb_bram_if_cntlr_0/sim/design_1_ilmb_bram_if_cntlr_0.vhd" into library xil_defaultlib
INFO: [VRFC 10-3107] analyzing entity 'design_1_ilmb_bram_if_cntlr_0'
INFO: [VRFC 10-163] Analyzing VHDL file "C:/Users/khanm/AppData/Roaming/Xilinx/Vivado/proj/DDR_GOLDEN/DDR_GOLDEN.ip_user_files/bd/design_1/ip/design_1_microblaze_0_axi_intc_0/sim/design_1_microblaze_0_axi_intc_0.vhd" into library xil_defaultlib
INFO: [VRFC 10-3107] analyzing entity 'design_1_microblaze_0_axi_intc_0'
INFO: [VRFC 10-163] Analyzing VHDL file "C:/Users/khanm/AppData/Roaming/Xilinx/Vivado/proj/DDR_GOLDEN/DDR_GOLDEN.ip_user_files/bd/design_1/ip/design_1_mdm_1_0/sim/design_1_mdm_1_0.vhd" into library xil_defaultlib
INFO: [VRFC 10-3107] analyzing entity 'design_1_mdm_1_0'
INFO: [VRFC 10-163] Analyzing VHDL file "C:/Users/khanm/AppData/Roaming/Xilinx/Vivado/proj/DDR_GOLDEN/DDR_GOLDEN.ip_user_files/bd/design_1/ip/design_1_rst_mig_7series_0_81M_0/sim/design_1_rst_mig_7series_0_81M_0.vhd" into library xil_defaultlib
INFO: [VRFC 10-3107] analyzing entity 'design_1_rst_mig_7series_0_81M_0'
INFO: [VRFC 10-163] Analyzing VHDL file "C:/Users/khanm/AppData/Roaming/Xilinx/Vivado/proj/DDR_GOLDEN/DDR_GOLDEN.ip_user_files/bd/design_1/ip/design_1_axi_uartlite_0_0/sim/design_1_axi_uartlite_0_0.vhd" into library xil_defaultlib
INFO: [VRFC 10-3107] analyzing entity 'design_1_axi_uartlite_0_0'
INFO: [VRFC 10-163] Analyzing VHDL file "C:/Users/khanm/AppData/Roaming/Xilinx/Vivado/proj/DDR_GOLDEN/DDR_GOLDEN.ip_user_files/bd/design_1/ip/design_1_axi_bram_ctrl_0_0/sim/design_1_axi_bram_ctrl_0_0.vhd" into library xil_defaultlib
INFO: [VRFC 10-3107] analyzing entity 'design_1_axi_bram_ctrl_0_0'
