Copyright 1986-2019 Xilinx, Inc. All Rights Reserved.
--------------------------------------------------------------------------------------
| Tool Version : Vivado v.2018.3.1 (win64) Build 2489853 Tue Mar 26 04:20:25 MDT 2019
| Date         : Sun Mar  1 23:15:37 2026
| Host         : DESKTOP-CDKE44D running 64-bit major release  (build 9200)
| Command      : upgrade_ip
| Device       : xc7a100tcsg324-1
--------------------------------------------------------------------------------------

Upgrade Log for IP 'design_1_rst_mig_7series_0_83M_0'

1. Summary
----------

SUCCESS in the conversion of design_1_rst_mig_7series_0_83M_0 (xilinx.com:ip:proc_sys_reset:5.0 (Rev. 13)) to Vivado generation flows.






Copyright 1986-2019 Xilinx, Inc. All Rights Reserved.
--------------------------------------------------------------------------------------
| Tool Version : Vivado v.2018.3.1 (win64) Build 2489853 Tue Mar 26 04:20:25 MDT 2019
| Date         : Sun Mar  1 23:15:37 2026
| Host         : DESKTOP-CDKE44D running 64-bit major release  (build 9200)
| Command      : upgrade_ip
| Device       : xc7a100tcsg324-1
--------------------------------------------------------------------------------------

Upgrade Log for IP 'design_1_rst_clk_100M_1'

1. Summary
----------

SUCCESS in the conversion of design_1_rst_clk_100M_1 (xilinx.com:ip:proc_sys_reset:5.0 (Rev. 13)) to Vivado generation flows.






Copyright 1986-2019 Xilinx, Inc. All Rights Reserved.
--------------------------------------------------------------------------------------
| Tool Version : Vivado v.2018.3.1 (win64) Build 2489853 Tue Mar 26 04:20:25 MDT 2019
| Date         : Sun Mar  1 23:15:37 2026
| Host         : DESKTOP-CDKE44D running 64-bit major release  (build 9200)
| Command      : upgrade_ip
| Device       : xc7a100tcsg324-1
--------------------------------------------------------------------------------------

Upgrade Log for IP 'design_1_proc_sys_reset_0_0'

1. Summary
----------

SUCCESS in the conversion of design_1_proc_sys_reset_0_0 (xilinx.com:ip:proc_sys_reset:5.0 (Rev. 13)) to Vivado generation flows.






Copyright 1986-2019 Xilinx, Inc. All Rights Reserved.
--------------------------------------------------------------------------------------
| Tool Version : Vivado v.2018.3.1 (win64) Build 2489853 Tue Mar 26 04:20:25 MDT 2019
| Date         : Sun Mar  1 23:15:37 2026
| Host         : DESKTOP-CDKE44D running 64-bit major release  (build 9200)
| Command      : upgrade_ip
| Device       : xc7a100tcsg324-1
--------------------------------------------------------------------------------------

Upgrade Log for IP 'design_1_mig_7series_0_0'

1. Summary
----------

SUCCESS in the conversion of design_1_mig_7series_0_0 (xilinx.com:ip:mig_7series:4.2) to Vivado generation flows.






Copyright 1986-2019 Xilinx, Inc. All Rights Reserved.
--------------------------------------------------------------------------------------
| Tool Version : Vivado v.2018.3.1 (win64) Build 2489853 Tue Mar 26 04:20:25 MDT 2019
| Date         : Sun Mar  1 22:46:29 2026
| Host         : DESKTOP-CDKE44D running 64-bit major release  (build 9200)
| Command      : upgrade_ip
| Device       : xc7a100tcsg324-1
--------------------------------------------------------------------------------------

Upgrade Log for IP 'design_1_mem_controller_0_0'

1. Summary
----------

SUCCESS in the upgrade of design_1_mem_controller_0_0 (xilinx.com:user:mem_controller:1.0) from (Rev. 5) to (Rev. 6)






Copyright 1986-2019 Xilinx, Inc. All Rights Reserved.
--------------------------------------------------------------------------------------
| Tool Version : Vivado v.2018.3.1 (win64) Build 2489853 Tue Mar 26 04:20:25 MDT 2019
| Date         : Sun Mar  1 22:44:30 2026
| Host         : DESKTOP-CDKE44D running 64-bit major release  (build 9200)
| Command      : upgrade_ip
| Device       : xc7a100tcsg324-1
--------------------------------------------------------------------------------------

Upgrade Log for IP 'design_1_mem_controller_0_0'

1. Summary
----------

SUCCESS in the upgrade of design_1_mem_controller_0_0 (xilinx.com:user:mem_controller:1.0) from (Rev. 4) to (Rev. 5)






Copyright 1986-2019 Xilinx, Inc. All Rights Reserved.
--------------------------------------------------------------------------------------
| Tool Version : Vivado v.2018.3.1 (win64) Build 2489853 Tue Mar 26 04:20:25 MDT 2019
| Date         : Sun Mar  1 22:33:41 2026
| Host         : DESKTOP-CDKE44D running 64-bit major release  (build 9200)
| Command      : upgrade_ip
| Device       : xc7a100tcsg324-1
--------------------------------------------------------------------------------------

Upgrade Log for IP 'design_1_mem_controller_0_0'

1. Summary
----------

SUCCESS in the upgrade of design_1_mem_controller_0_0 (xilinx.com:user:mem_controller:1.0) from (Rev. 3) to (Rev. 4)






Copyright 1986-2019 Xilinx, Inc. All Rights Reserved.
--------------------------------------------------------------------------------------
| Tool Version : Vivado v.2018.3.1 (win64) Build 2489853 Tue Mar 26 04:20:25 MDT 2019
| Date         : Sun Mar  1 22:29:42 2026
| Host         : DESKTOP-CDKE44D running 64-bit major release  (build 9200)
| Command      : upgrade_ip
| Device       : xc7a100tcsg324-1
--------------------------------------------------------------------------------------

Upgrade Log for IP 'design_1_mem_controller_0_0'

1. Summary
----------

SUCCESS in the conversion of design_1_mem_controller_0_0 (xilinx.com:user:mem_controller:1.0 (Rev. 3)) to Vivado generation flows.






Copyright 1986-2019 Xilinx, Inc. All Rights Reserved.
--------------------------------------------------------------------------------------
| Tool Version : Vivado v.2018.3.1 (win64) Build 2489853 Tue Mar 26 04:20:25 MDT 2019
| Date         : Sun Mar  1 22:25:58 2026
| Host         : DESKTOP-CDKE44D running 64-bit major release  (build 9200)
| Command      : upgrade_ip
| Device       : xc7a100tcsg324-1
--------------------------------------------------------------------------------------

Upgrade Log for IP 'design_1_mem_controller_0_0'

1. Summary
----------

SUCCESS in the upgrade of design_1_mem_controller_0_0 (xilinx.com:user:mem_controller:1.0) from (Rev. 2) to (Rev. 3)






Copyright 1986-2019 Xilinx, Inc. All Rights Reserved.
--------------------------------------------------------------------------------------
| Tool Version : Vivado v.2018.3.1 (win64) Build 2489853 Tue Mar 26 04:20:25 MDT 2019
| Date         : Sun Mar  1 22:21:27 2026
| Host         : DESKTOP-CDKE44D running 64-bit major release  (build 9200)
| Command      : upgrade_ip
| Device       : xc7a100tcsg324-1
--------------------------------------------------------------------------------------

Upgrade Log for IP 'design_1_mem_controller_0_0'

1. Summary
----------

SUCCESS in the conversion of design_1_mem_controller_0_0 (xilinx.com:user:mem_controller:1.0 (Rev. 2)) to Vivado generation flows.






Copyright 1986-2019 Xilinx, Inc. All Rights Reserved.
--------------------------------------------------------------------------------------
| Tool Version : Vivado v.2018.3.1 (win64) Build 2489853 Tue Mar 26 04:20:25 MDT 2019
| Date         : Sun Mar  1 22:12:41 2026
| Host         : DESKTOP-CDKE44D running 64-bit major release  (build 9200)
| Command      : upgrade_ip
| Device       : xc7a100tcsg324-1
--------------------------------------------------------------------------------------

Upgrade Log for IP 'design_1_mem_controller_0_0'

1. Summary
----------

SUCCESS in the conversion of design_1_mem_controller_0_0 (xilinx.com:user:mem_controller:1.0 (Rev. 2)) to Vivado generation flows.






Copyright 1986-2019 Xilinx, Inc. All Rights Reserved.
--------------------------------------------------------------------------------------
| Tool Version : Vivado v.2018.3.1 (win64) Build 2489853 Tue Mar 26 04:20:25 MDT 2019
| Date         : Sun Mar  1 22:07:23 2026
| Host         : DESKTOP-CDKE44D running 64-bit major release  (build 9200)
| Command      : upgrade_ip
| Device       : xc7a100tcsg324-1
--------------------------------------------------------------------------------------

Upgrade Log for IP 'design_1_mem_controller_0_0'

1. Summary
----------

SUCCESS in the conversion of design_1_mem_controller_0_0 (xilinx.com:user:mem_controller:1.0 (Rev. 2)) to Vivado generation flows.

