Vivado Simulator 2018.3
Copyright 1986-1999, 2001-2018 Xilinx, Inc. All Rights Reserved.
Running: C:/Xilinx/Vivado/2018.3/bin/unwrapped/win64.o/xelab.exe -wto 92fe5e147bd84e94b095d3228f4aa028 --incr --debug typical --relax --mt 2 -L axi_infrastructure_v1_1_0 -L xil_defaultlib -L axi_vip_v1_1_4 -L blk_mem_gen_v8_4_2 -L blk_mem_gen_v8_3_6 -L axi_bram_ctrl_v4_1_0 -L lib_cdc_v1_0_2 -L proc_sys_reset_v5_0_13 -L generic_baseblocks_v2_1_0 -L axi_register_slice_v2_1_18 -L fifo_generator_v13_2_3 -L axi_data_fifo_v2_1_17 -L axi_crossbar_v2_1_19 -L microblaze_v11_0_0 -L lmb_v10_v3_0_9 -L lmb_bram_if_cntlr_v4_0_15 -L axi_lite_ipif_v3_0_4 -L mdm_v3_2_15 -L lib_pkg_v1_0_2 -L lib_srl_fifo_v1_0_2 -L axi_uartlite_v2_0_22 -L axi_intc_v4_1_12 -L axi_protocol_converter_v2_1_18 -L axi_clock_converter_v2_1_17 -L axi_dwidth_converter_v2_1_18 -L xilinx_vip -L unisims_ver -L unimacro_ver -L secureip -L xpm --snapshot part3_tb_behav xil_defaultlib.part3_tb xil_defaultlib.glbl -log elaborate.log 
Using 2 slave threads.
Starting static elaboration
ERROR: [VRFC 10-3180] cannot find port 'usb_uart_txd' on this module [C:/Users/khanm/AppData/Roaming/Xilinx/Vivado/proj/proj_p3.srcs/sources_1/bd/design_1/hdl/design_1_wrapper.v:87]
ERROR: [VRFC 10-3180] cannot find port 'usb_uart_rxd' on this module [C:/Users/khanm/AppData/Roaming/Xilinx/Vivado/proj/proj_p3.srcs/sources_1/bd/design_1/hdl/design_1_wrapper.v:86]
ERROR: [VRFC 10-3180] cannot find port 'ddr2_sdram_we_n' on this module [C:/Users/khanm/AppData/Roaming/Xilinx/Vivado/proj/proj_p3.srcs/sources_1/bd/design_1/hdl/design_1_wrapper.v:84]
ERROR: [VRFC 10-3180] cannot find port 'ddr2_sdram_ras_n' on this module [C:/Users/khanm/AppData/Roaming/Xilinx/Vivado/proj/proj_p3.srcs/sources_1/bd/design_1/hdl/design_1_wrapper.v:83]
ERROR: [VRFC 10-3180] cannot find port 'ddr2_sdram_odt' on this module [C:/Users/khanm/AppData/Roaming/Xilinx/Vivado/proj/proj_p3.srcs/sources_1/bd/design_1/hdl/design_1_wrapper.v:82]
ERROR: [VRFC 10-3180] cannot find port 'ddr2_sdram_dqs_p' on this module [C:/Users/khanm/AppData/Roaming/Xilinx/Vivado/proj/proj_p3.srcs/sources_1/bd/design_1/hdl/design_1_wrapper.v:81]
ERROR: [VRFC 10-3180] cannot find port 'ddr2_sdram_dqs_n' on this module [C:/Users/khanm/AppData/Roaming/Xilinx/Vivado/proj/proj_p3.srcs/sources_1/bd/design_1/hdl/design_1_wrapper.v:80]
ERROR: [VRFC 10-3180] cannot find port 'ddr2_sdram_dq' on this module [C:/Users/khanm/AppData/Roaming/Xilinx/Vivado/proj/proj_p3.srcs/sources_1/bd/design_1/hdl/design_1_wrapper.v:79]
ERROR: [VRFC 10-3180] cannot find port 'ddr2_sdram_dm' on this module [C:/Users/khanm/AppData/Roaming/Xilinx/Vivado/proj/proj_p3.srcs/sources_1/bd/design_1/hdl/design_1_wrapper.v:78]
ERROR: [VRFC 10-3180] cannot find port 'ddr2_sdram_cs_n' on this module [C:/Users/khanm/AppData/Roaming/Xilinx/Vivado/proj/proj_p3.srcs/sources_1/bd/design_1/hdl/design_1_wrapper.v:77]
ERROR: [VRFC 10-3180] cannot find port 'ddr2_sdram_cke' on this module [C:/Users/khanm/AppData/Roaming/Xilinx/Vivado/proj/proj_p3.srcs/sources_1/bd/design_1/hdl/design_1_wrapper.v:76]
ERROR: [VRFC 10-3180] cannot find port 'ddr2_sdram_ck_p' on this module [C:/Users/khanm/AppData/Roaming/Xilinx/Vivado/proj/proj_p3.srcs/sources_1/bd/design_1/hdl/design_1_wrapper.v:75]
ERROR: [VRFC 10-3180] cannot find port 'ddr2_sdram_ck_n' on this module [C:/Users/khanm/AppData/Roaming/Xilinx/Vivado/proj/proj_p3.srcs/sources_1/bd/design_1/hdl/design_1_wrapper.v:74]
ERROR: [VRFC 10-3180] cannot find port 'ddr2_sdram_cas_n' on this module [C:/Users/khanm/AppData/Roaming/Xilinx/Vivado/proj/proj_p3.srcs/sources_1/bd/design_1/hdl/design_1_wrapper.v:73]
ERROR: [VRFC 10-3180] cannot find port 'ddr2_sdram_ba' on this module [C:/Users/khanm/AppData/Roaming/Xilinx/Vivado/proj/proj_p3.srcs/sources_1/bd/design_1/hdl/design_1_wrapper.v:72]
ERROR: [VRFC 10-3180] cannot find port 'ddr2_sdram_addr' on this module [C:/Users/khanm/AppData/Roaming/Xilinx/Vivado/proj/proj_p3.srcs/sources_1/bd/design_1/hdl/design_1_wrapper.v:71]
ERROR: [XSIM 43-3322] Static elaboration of top level Verilog design unit(s) in library work failed.
