INFO: [VRFC 10-163] Analyzing VHDL file "C:/Users/khanm/AppData/Roaming/Xilinx/Vivado/proj/proj_p3.ip_user_files/bd/design_1/ip/design_1_proc_sys_reset_0_0/sim/design_1_proc_sys_reset_0_0.vhd" into library xil_defaultlib
INFO: [VRFC 10-3107] analyzing entity 'design_1_proc_sys_reset_0_0'
INFO: [VRFC 10-163] Analyzing VHDL file "C:/Users/khanm/AppData/Roaming/Xilinx/Vivado/proj/proj_p3.ip_user_files/bd/design_1/ip/design_1_microblaze_0_0/sim/design_1_microblaze_0_0.vhd" into library xil_defaultlib
INFO: [VRFC 10-3107] analyzing entity 'design_1_microblaze_0_0'
INFO: [VRFC 10-163] Analyzing VHDL file "C:/Users/khanm/AppData/Roaming/Xilinx/Vivado/proj/proj_p3.ip_user_files/bd/design_1/ip/design_1_dlmb_v10_1/sim/design_1_dlmb_v10_1.vhd" into library xil_defaultlib
INFO: [VRFC 10-3107] analyzing entity 'design_1_dlmb_v10_1'
INFO: [VRFC 10-163] Analyzing VHDL file "C:/Users/khanm/AppData/Roaming/Xilinx/Vivado/proj/proj_p3.ip_user_files/bd/design_1/ip/design_1_ilmb_v10_1/sim/design_1_ilmb_v10_1.vhd" into library xil_defaultlib
INFO: [VRFC 10-3107] analyzing entity 'design_1_ilmb_v10_1'
INFO: [VRFC 10-163] Analyzing VHDL file "C:/Users/khanm/AppData/Roaming/Xilinx/Vivado/proj/proj_p3.ip_user_files/bd/design_1/ip/design_1_dlmb_bram_if_cntlr_1/sim/design_1_dlmb_bram_if_cntlr_1.vhd" into library xil_defaultlib
INFO: [VRFC 10-3107] analyzing entity 'design_1_dlmb_bram_if_cntlr_1'
INFO: [VRFC 10-163] Analyzing VHDL file "C:/Users/khanm/AppData/Roaming/Xilinx/Vivado/proj/proj_p3.ip_user_files/bd/design_1/ip/design_1_ilmb_bram_if_cntlr_1/sim/design_1_ilmb_bram_if_cntlr_1.vhd" into library xil_defaultlib
INFO: [VRFC 10-3107] analyzing entity 'design_1_ilmb_bram_if_cntlr_1'
INFO: [VRFC 10-163] Analyzing VHDL file "C:/Users/khanm/AppData/Roaming/Xilinx/Vivado/proj/proj_p3.ip_user_files/bd/design_1/ip/design_1_mdm_1_1/sim/design_1_mdm_1_1.vhd" into library xil_defaultlib
INFO: [VRFC 10-3107] analyzing entity 'design_1_mdm_1_1'
INFO: [VRFC 10-163] Analyzing VHDL file "C:/Users/khanm/AppData/Roaming/Xilinx/Vivado/proj/proj_p3.ip_user_files/bd/design_1/ip/design_1_rst_clk_100M_1/sim/design_1_rst_clk_100M_1.vhd" into library xil_defaultlib
INFO: [VRFC 10-3107] analyzing entity 'design_1_rst_clk_100M_1'
INFO: [VRFC 10-163] Analyzing VHDL file "C:/Users/khanm/AppData/Roaming/Xilinx/Vivado/proj/proj_p3.ip_user_files/bd/design_1/ip/design_1_axi_uartlite_0_0/sim/design_1_axi_uartlite_0_0.vhd" into library xil_defaultlib
INFO: [VRFC 10-3107] analyzing entity 'design_1_axi_uartlite_0_0'
INFO: [VRFC 10-163] Analyzing VHDL file "C:/Users/khanm/AppData/Roaming/Xilinx/Vivado/proj/proj_p3.ip_user_files/bd/design_1/ip/design_1_axi_intc_0_0/sim/design_1_axi_intc_0_0.vhd" into library xil_defaultlib
INFO: [VRFC 10-3107] analyzing entity 'design_1_axi_intc_0_0'
