
*** Running vivado
    with args -log design_1_axi_ram_0_0.vds -m64 -product Vivado -mode batch -messageDb vivado.pb -notrace -source design_1_axi_ram_0_0.tcl


****** Vivado v2018.3.1 (64-bit)
  **** SW Build 2489853 on Tue Mar 26 04:20:25 MDT 2019
  **** IP Build 2486929 on Tue Mar 26 06:44:21 MDT 2019
    ** Copyright 1986-2019 Xilinx, Inc. All Rights Reserved.

source design_1_axi_ram_0_0.tcl -notrace
INFO: [IP_Flow 19-234] Refreshing IP repositories
INFO: [IP_Flow 19-1700] Loaded user IP repository 'c:/Users/khanm/Downloads/Memory_Controller-main/Memory_Controller-main/mem'.
INFO: [IP_Flow 19-1700] Loaded user IP repository 'c:/Users/khanm/Downloads/Memory_Controller-main/Memory_Controller-main/DDR_GOLDEN/bram_test'.
INFO: [IP_Flow 19-1700] Loaded user IP repository 'c:/Users/khanm/Downloads/Memory_Controller-main/Memory_Controller-main/axi4'.
INFO: [IP_Flow 19-2313] Loaded Vivado IP repository 'C:/Xilinx/Vivado/2018.3/data/ip'.
WARNING: [IP_Flow 19-4995] The host OS only allows 260 characters in a normal path. The IP cache path is more than 80 characters. If you experience issues with IP caching, please consider changing the IP cache to a location with a shorter path. Alternately consider using the OS subst command to map part of the path to a drive letter. 
Current IP cache path is c:/Users/khanm/Downloads/Memory_Controller-main/Memory_Controller-main/DDR_GOLDEN/DDR_GOLDEN.cache/ip 
Command: synth_design -top design_1_axi_ram_0_0 -part xc7a100tcsg324-1 -mode out_of_context
Starting synth_design
Attempting to get a license for feature 'Synthesis' and/or device 'xc7a100t'
INFO: [Common 17-349] Got license for feature 'Synthesis' and/or device 'xc7a100t'
INFO: Launching helper process for spawning children vivado processes
INFO: Helper process launched with PID 17148 
WARNING: [Synth 8-2507] parameter declaration becomes local in axi_ram with formal parameter declaration list [c:/Users/khanm/Downloads/Memory_Controller-main/Memory_Controller-main/DDR_GOLDEN/DDR_GOLDEN.srcs/sources_1/bd/design_1/ipshared/8c0e/axi4.v:88]
WARNING: [Synth 8-2507] parameter declaration becomes local in axi_ram with formal parameter declaration list [c:/Users/khanm/Downloads/Memory_Controller-main/Memory_Controller-main/DDR_GOLDEN/DDR_GOLDEN.srcs/sources_1/bd/design_1/ipshared/8c0e/axi4.v:89]
WARNING: [Synth 8-2507] parameter declaration becomes local in axi_ram with formal parameter declaration list [c:/Users/khanm/Downloads/Memory_Controller-main/Memory_Controller-main/DDR_GOLDEN/DDR_GOLDEN.srcs/sources_1/bd/design_1/ipshared/8c0e/axi4.v:90]
---------------------------------------------------------------------------------
Starting RTL Elaboration : Time (s): cpu = 00:00:02 ; elapsed = 00:00:02 . Memory (MB): peak = 484.160 ; gain = 113.695
---------------------------------------------------------------------------------
INFO: [Synth 8-6157] synthesizing module 'design_1_axi_ram_0_0' [c:/Users/khanm/Downloads/Memory_Controller-main/Memory_Controller-main/DDR_GOLDEN/DDR_GOLDEN.srcs/sources_1/bd/design_1/ip/design_1_axi_ram_0_0/synth/design_1_axi_ram_0_0.v:58]
INFO: [Synth 8-6157] synthesizing module 'axi_ram' [c:/Users/khanm/Downloads/Memory_Controller-main/Memory_Controller-main/DDR_GOLDEN/DDR_GOLDEN.srcs/sources_1/bd/design_1/ipshared/8c0e/axi4.v:34]
	Parameter DATA_WIDTH bound to: 32 - type: integer 
	Parameter ADDR_WIDTH bound to: 16 - type: integer 
	Parameter STRB_WIDTH bound to: 4 - type: integer 
	Parameter ID_WIDTH bound to: 8 - type: integer 
	Parameter PIPELINE_OUTPUT bound to: 0 - type: integer 
	Parameter VALID_ADDR_WIDTH bound to: 14 - type: integer 
	Parameter WORD_WIDTH bound to: 4 - type: integer 
	Parameter WORD_SIZE bound to: 8 - type: integer 
	Parameter READ_STATE_IDLE bound to: 1'b0 
	Parameter READ_STATE_BURST bound to: 1'b1 
	Parameter WRITE_STATE_IDLE bound to: 2'b00 
	Parameter WRITE_STATE_BURST bound to: 2'b01 
	Parameter WRITE_STATE_RESP bound to: 2'b10 
INFO: [Synth 8-5534] Detected attribute (* RAM_STYLE = "distributed" *) [c:/Users/khanm/Downloads/Memory_Controller-main/Memory_Controller-main/DDR_GOLDEN/DDR_GOLDEN.srcs/sources_1/bd/design_1/ipshared/8c0e/axi4.v:148]
INFO: [Synth 8-155] case statement is not full and has no default [c:/Users/khanm/Downloads/Memory_Controller-main/Memory_Controller-main/DDR_GOLDEN/DDR_GOLDEN.srcs/sources_1/bd/design_1/ipshared/8c0e/axi4.v:195]
WARNING: [Synth 8-6014] Unused sequential element s_axi_rid_pipe_reg_reg was removed.  [c:/Users/khanm/Downloads/Memory_Controller-main/Memory_Controller-main/DDR_GOLDEN/DDR_GOLDEN.srcs/sources_1/bd/design_1/ipshared/8c0e/axi4.v:357]
WARNING: [Synth 8-6014] Unused sequential element s_axi_rdata_pipe_reg_reg was removed.  [c:/Users/khanm/Downloads/Memory_Controller-main/Memory_Controller-main/DDR_GOLDEN/DDR_GOLDEN.srcs/sources_1/bd/design_1/ipshared/8c0e/axi4.v:358]
WARNING: [Synth 8-6014] Unused sequential element s_axi_rlast_pipe_reg_reg was removed.  [c:/Users/khanm/Downloads/Memory_Controller-main/Memory_Controller-main/DDR_GOLDEN/DDR_GOLDEN.srcs/sources_1/bd/design_1/ipshared/8c0e/axi4.v:359]
WARNING: [Synth 8-6014] Unused sequential element s_axi_rvalid_pipe_reg_reg was removed.  [c:/Users/khanm/Downloads/Memory_Controller-main/Memory_Controller-main/DDR_GOLDEN/DDR_GOLDEN.srcs/sources_1/bd/design_1/ipshared/8c0e/axi4.v:356]
INFO: [Synth 8-6155] done synthesizing module 'axi_ram' (1#1) [c:/Users/khanm/Downloads/Memory_Controller-main/Memory_Controller-main/DDR_GOLDEN/DDR_GOLDEN.srcs/sources_1/bd/design_1/ipshared/8c0e/axi4.v:34]
INFO: [Synth 8-6155] done synthesizing module 'design_1_axi_ram_0_0' (2#1) [c:/Users/khanm/Downloads/Memory_Controller-main/Memory_Controller-main/DDR_GOLDEN/DDR_GOLDEN.srcs/sources_1/bd/design_1/ip/design_1_axi_ram_0_0/synth/design_1_axi_ram_0_0.v:58]
WARNING: [Synth 8-3331] design axi_ram has unconnected port s_axi_awlock
WARNING: [Synth 8-3331] design axi_ram has unconnected port s_axi_awcache[3]
WARNING: [Synth 8-3331] design axi_ram has unconnected port s_axi_awcache[2]
WARNING: [Synth 8-3331] design axi_ram has unconnected port s_axi_awcache[1]
WARNING: [Synth 8-3331] design axi_ram has unconnected port s_axi_awcache[0]
WARNING: [Synth 8-3331] design axi_ram has unconnected port s_axi_awprot[2]
WARNING: [Synth 8-3331] design axi_ram has unconnected port s_axi_awprot[1]
WARNING: [Synth 8-3331] design axi_ram has unconnected port s_axi_awprot[0]
WARNING: [Synth 8-3331] design axi_ram has unconnected port s_axi_wlast
WARNING: [Synth 8-3331] design axi_ram has unconnected port s_axi_arlock
WARNING: [Synth 8-3331] design axi_ram has unconnected port s_axi_arcache[3]
WARNING: [Synth 8-3331] design axi_ram has unconnected port s_axi_arcache[2]
WARNING: [Synth 8-3331] design axi_ram has unconnected port s_axi_arcache[1]
WARNING: [Synth 8-3331] design axi_ram has unconnected port s_axi_arcache[0]
WARNING: [Synth 8-3331] design axi_ram has unconnected port s_axi_arprot[2]
WARNING: [Synth 8-3331] design axi_ram has unconnected port s_axi_arprot[1]
WARNING: [Synth 8-3331] design axi_ram has unconnected port s_axi_arprot[0]
---------------------------------------------------------------------------------
Finished RTL Elaboration : Time (s): cpu = 00:00:05 ; elapsed = 00:00:04 . Memory (MB): peak = 545.320 ; gain = 174.855
---------------------------------------------------------------------------------

Report Check Netlist: 
+------+------------------+-------+---------+-------+------------------+
|      |Item              |Errors |Warnings |Status |Description       |
+------+------------------+-------+---------+-------+------------------+
|1     |multi_driven_nets |      0|        0|Passed |Multi driven nets |
+------+------------------+-------+---------+-------+------------------+
---------------------------------------------------------------------------------
Start Handling Custom Attributes
---------------------------------------------------------------------------------
---------------------------------------------------------------------------------
Finished Handling Custom Attributes : Time (s): cpu = 00:00:05 ; elapsed = 00:00:04 . Memory (MB): peak = 545.320 ; gain = 174.855
---------------------------------------------------------------------------------
---------------------------------------------------------------------------------
Finished RTL Optimization Phase 1 : Time (s): cpu = 00:00:05 ; elapsed = 00:00:04 . Memory (MB): peak = 545.320 ; gain = 174.855
---------------------------------------------------------------------------------
INFO: [Device 21-403] Loading part xc7a100tcsg324-1
INFO: [Project 1-570] Preparing netlist for logic optimization

Processing XDC Constraints
Initializing timing engine
Completed Processing XDC Constraints

Netlist sorting complete. Time (s): cpu = 00:00:00 ; elapsed = 00:00:00.001 . Memory (MB): peak = 857.629 ; gain = 0.000
INFO: [Project 1-111] Unisim Transformation Summary:
No Unisim elements were transformed.

Netlist sorting complete. Time (s): cpu = 00:00:00 ; elapsed = 00:00:00 . Memory (MB): peak = 857.629 ; gain = 0.000
WARNING: [Constraints 18-5210] No constraints selected for write.
Resolution: This message can indicate that there are no constraints for the design, or it can indicate that the used_in flags are set such that the constraints are ignored. This later case is used when running synth_design to not write synthesis constraints to the resulting checkpoint. Instead, project constraints are read when the synthesized design is opened.
Constraint Validation Runtime : Time (s): cpu = 00:00:00 ; elapsed = 00:00:00.039 . Memory (MB): peak = 860.023 ; gain = 2.395
---------------------------------------------------------------------------------
Finished Constraint Validation : Time (s): cpu = 00:00:10 ; elapsed = 00:00:10 . Memory (MB): peak = 860.023 ; gain = 489.559
---------------------------------------------------------------------------------
---------------------------------------------------------------------------------
Start Loading Part and Timing Information
---------------------------------------------------------------------------------
Loading part: xc7a100tcsg324-1
---------------------------------------------------------------------------------
Finished Loading Part and Timing Information : Time (s): cpu = 00:00:10 ; elapsed = 00:00:10 . Memory (MB): peak = 860.023 ; gain = 489.559
---------------------------------------------------------------------------------
---------------------------------------------------------------------------------
Start Applying 'set_property' XDC Constraints
---------------------------------------------------------------------------------
---------------------------------------------------------------------------------
Finished applying 'set_property' XDC Constraints : Time (s): cpu = 00:00:10 ; elapsed = 00:00:10 . Memory (MB): peak = 860.023 ; gain = 489.559
---------------------------------------------------------------------------------
INFO: [Synth 8-802] inferred FSM for state register 'write_state_reg_reg' in module 'axi_ram'
---------------------------------------------------------------------------------------------------
                   State |                     New Encoding |                Previous Encoding 
---------------------------------------------------------------------------------------------------
        WRITE_STATE_IDLE |                               00 |                               00
       WRITE_STATE_BURST |                               01 |                               01
        WRITE_STATE_RESP |                               10 |                               10
---------------------------------------------------------------------------------------------------
INFO: [Synth 8-3354] encoded FSM with state register 'write_state_reg_reg' using encoding 'sequential' in module 'axi_ram'
---------------------------------------------------------------------------------
Finished RTL Optimization Phase 2 : Time (s): cpu = 00:00:10 ; elapsed = 00:00:11 . Memory (MB): peak = 860.023 ; gain = 489.559
---------------------------------------------------------------------------------

Report RTL Partitions: 
+-+--------------+------------+----------+
| |RTL Partition |Replication |Instances |
+-+--------------+------------+----------+
+-+--------------+------------+----------+
---------------------------------------------------------------------------------
Start RTL Component Statistics 
---------------------------------------------------------------------------------
Detailed RTL Component Info : 
+---Adders : 
	   2 Input     16 Bit       Adders := 1     
	   2 Input      8 Bit       Adders := 2     
+---Registers : 
	               32 Bit    Registers := 1     
	               16 Bit    Registers := 1     
	                8 Bit    Registers := 6     
	                3 Bit    Registers := 2     
	                2 Bit    Registers := 2     
	                1 Bit    Registers := 7     
+---Muxes : 
	   2 Input     32 Bit        Muxes := 6     
	   3 Input     16 Bit        Muxes := 1     
	   3 Input      8 Bit        Muxes := 1     
	   2 Input      8 Bit        Muxes := 2     
	   2 Input      3 Bit        Muxes := 2     
	   3 Input      2 Bit        Muxes := 1     
	   2 Input      2 Bit        Muxes := 5     
	   2 Input      1 Bit        Muxes := 15    
	   3 Input      1 Bit        Muxes := 8     
---------------------------------------------------------------------------------
Finished RTL Component Statistics 
---------------------------------------------------------------------------------
---------------------------------------------------------------------------------
Start RTL Hierarchical Component Statistics 
---------------------------------------------------------------------------------
Hierarchical RTL Component report 
Module axi_ram 
Detailed RTL Component Info : 
+---Adders : 
	   2 Input     16 Bit       Adders := 1     
	   2 Input      8 Bit       Adders := 2     
+---Registers : 
	               32 Bit    Registers := 1     
	               16 Bit    Registers := 1     
	                8 Bit    Registers := 6     
	                3 Bit    Registers := 2     
	                2 Bit    Registers := 2     
	                1 Bit    Registers := 7     
+---Muxes : 
	   2 Input     32 Bit        Muxes := 6     
	   3 Input     16 Bit        Muxes := 1     
	   3 Input      8 Bit        Muxes := 1     
	   2 Input      8 Bit        Muxes := 2     
	   2 Input      3 Bit        Muxes := 2     
	   3 Input      2 Bit        Muxes := 1     
	   2 Input      2 Bit        Muxes := 5     
	   2 Input      1 Bit        Muxes := 15    
	   3 Input      1 Bit        Muxes := 8     
---------------------------------------------------------------------------------
Finished RTL Hierarchical Component Statistics
---------------------------------------------------------------------------------
---------------------------------------------------------------------------------
Start Part Resource Summary
---------------------------------------------------------------------------------
Part Resources:
DSPs: 240 (col length:80)
BRAMs: 270 (col length: RAMB18 80 RAMB36 40)
---------------------------------------------------------------------------------
Finished Part Resource Summary
---------------------------------------------------------------------------------
---------------------------------------------------------------------------------
Start Cross Boundary and Area Optimization
---------------------------------------------------------------------------------
Warning: Parallel synthesis criteria is not met 
INFO: [Synth 8-3917] design design_1_axi_ram_0_0 has port s_axi_bresp[1] driven by constant 0
INFO: [Synth 8-3917] design design_1_axi_ram_0_0 has port s_axi_bresp[0] driven by constant 0
INFO: [Synth 8-3917] design design_1_axi_ram_0_0 has port s_axi_rresp[1] driven by constant 0
INFO: [Synth 8-3917] design design_1_axi_ram_0_0 has port s_axi_rresp[0] driven by constant 0
WARNING: [Synth 8-3331] design design_1_axi_ram_0_0 has unconnected port s_axi_awlock
WARNING: [Synth 8-3331] design design_1_axi_ram_0_0 has unconnected port s_axi_awcache[3]
WARNING: [Synth 8-3331] design design_1_axi_ram_0_0 has unconnected port s_axi_awcache[2]
WARNING: [Synth 8-3331] design design_1_axi_ram_0_0 has unconnected port s_axi_awcache[1]
WARNING: [Synth 8-3331] design design_1_axi_ram_0_0 has unconnected port s_axi_awcache[0]
WARNING: [Synth 8-3331] design design_1_axi_ram_0_0 has unconnected port s_axi_awprot[2]
WARNING: [Synth 8-3331] design design_1_axi_ram_0_0 has unconnected port s_axi_awprot[1]
WARNING: [Synth 8-3331] design design_1_axi_ram_0_0 has unconnected port s_axi_awprot[0]
WARNING: [Synth 8-3331] design design_1_axi_ram_0_0 has unconnected port s_axi_wlast
WARNING: [Synth 8-3331] design design_1_axi_ram_0_0 has unconnected port s_axi_arlock
WARNING: [Synth 8-3331] design design_1_axi_ram_0_0 has unconnected port s_axi_arcache[3]
WARNING: [Synth 8-3331] design design_1_axi_ram_0_0 has unconnected port s_axi_arcache[2]
WARNING: [Synth 8-3331] design design_1_axi_ram_0_0 has unconnected port s_axi_arcache[1]
WARNING: [Synth 8-3331] design design_1_axi_ram_0_0 has unconnected port s_axi_arcache[0]
WARNING: [Synth 8-3331] design design_1_axi_ram_0_0 has unconnected port s_axi_arprot[2]
WARNING: [Synth 8-3331] design design_1_axi_ram_0_0 has unconnected port s_axi_arprot[1]
WARNING: [Synth 8-3331] design design_1_axi_ram_0_0 has unconnected port s_axi_arprot[0]
INFO: [Synth 8-3886] merging instance 'inst/FSM_sequential_write_state_reg_reg[0]' (FDR) to 'inst/s_axi_wready_reg_reg'
---------------------------------------------------------------------------------
Finished Cross Boundary and Area Optimization : Time (s): cpu = 00:00:15 ; elapsed = 00:00:16 . Memory (MB): peak = 860.023 ; gain = 489.559
---------------------------------------------------------------------------------
---------------------------------------------------------------------------------
Start ROM, RAM, DSP and Shift Register Reporting
---------------------------------------------------------------------------------

Distributed RAM: Preliminary Mapping  Report (see note below)
+---------------------+--------------+----------------+----------------------+--------------------+
|Module Name          | RTL Object   | Inference      | Size (Depth x Width) | Primitives         | 
+---------------------+--------------+----------------+----------------------+--------------------+
|design_1_axi_ram_0_0 | inst/mem_reg | User Attribute | 16 K x 32            | RAM128X1D x 4096   | 
+---------------------+--------------+----------------+----------------------+--------------------+

Note: The table above is a preliminary report that shows the Distributed RAMs at the current stage of the synthesis flow. Some Distributed RAMs may be reimplemented as non Distributed RAM primitives later in the synthesis flow. Multiple instantiated RAMs are reported only once.
---------------------------------------------------------------------------------
Finished ROM, RAM, DSP and Shift Register Reporting
---------------------------------------------------------------------------------

Report RTL Partitions: 
+-+--------------+------------+----------+
| |RTL Partition |Replication |Instances |
+-+--------------+------------+----------+
+-+--------------+------------+----------+
---------------------------------------------------------------------------------
Start Applying XDC Timing Constraints
---------------------------------------------------------------------------------
---------------------------------------------------------------------------------
Finished Applying XDC Timing Constraints : Time (s): cpu = 00:00:20 ; elapsed = 00:00:21 . Memory (MB): peak = 882.867 ; gain = 512.402
---------------------------------------------------------------------------------
---------------------------------------------------------------------------------
Start Timing Optimization
---------------------------------------------------------------------------------
---------------------------------------------------------------------------------
Finished Timing Optimization : Time (s): cpu = 00:00:21 ; elapsed = 00:00:21 . Memory (MB): peak = 887.699 ; gain = 517.234
---------------------------------------------------------------------------------
---------------------------------------------------------------------------------
Start ROM, RAM, DSP and Shift Register Reporting
---------------------------------------------------------------------------------

Distributed RAM: Final Mapping  Report
+---------------------+--------------+----------------+----------------------+--------------------+
|Module Name          | RTL Object   | Inference      | Size (Depth x Width) | Primitives         | 
+---------------------+--------------+----------------+----------------------+--------------------+
|design_1_axi_ram_0_0 | inst/mem_reg | User Attribute | 16 K x 32            | RAM128X1D x 4096   | 
+---------------------+--------------+----------------+----------------------+--------------------+

---------------------------------------------------------------------------------
Finished ROM, RAM, DSP and Shift Register Reporting
---------------------------------------------------------------------------------

Report RTL Partitions: 
+-+--------------+------------+----------+
| |RTL Partition |Replication |Instances |
+-+--------------+------------+----------+
+-+--------------+------------+----------+
---------------------------------------------------------------------------------
Start Technology Mapping
---------------------------------------------------------------------------------
INFO: [Synth 8-3333] propagating constant 0 across sequential element (\inst/write_size_reg_reg[2] )
INFO: [Synth 8-3333] propagating constant 0 across sequential element (\inst/read_size_reg_reg[2] )
---------------------------------------------------------------------------------
Finished Technology Mapping : Time (s): cpu = 00:00:22 ; elapsed = 00:00:22 . Memory (MB): peak = 922.512 ; gain = 552.047
---------------------------------------------------------------------------------

Report RTL Partitions: 
+-+--------------+------------+----------+
| |RTL Partition |Replication |Instances |
+-+--------------+------------+----------+
+-+--------------+------------+----------+
---------------------------------------------------------------------------------
Start IO Insertion
---------------------------------------------------------------------------------
---------------------------------------------------------------------------------
Start Flattening Before IO Insertion
---------------------------------------------------------------------------------
---------------------------------------------------------------------------------
Finished Flattening Before IO Insertion
---------------------------------------------------------------------------------
---------------------------------------------------------------------------------
Start Final Netlist Cleanup
---------------------------------------------------------------------------------
---------------------------------------------------------------------------------
Finished Final Netlist Cleanup
---------------------------------------------------------------------------------
---------------------------------------------------------------------------------
Finished IO Insertion : Time (s): cpu = 00:00:23 ; elapsed = 00:00:24 . Memory (MB): peak = 922.512 ; gain = 552.047
---------------------------------------------------------------------------------

Report Check Netlist: 
+------+------------------+-------+---------+-------+------------------+
|      |Item              |Errors |Warnings |Status |Description       |
+------+------------------+-------+---------+-------+------------------+
|1     |multi_driven_nets |      0|        0|Passed |Multi driven nets |
+------+------------------+-------+---------+-------+------------------+
---------------------------------------------------------------------------------
Start Renaming Generated Instances
---------------------------------------------------------------------------------
---------------------------------------------------------------------------------
Finished Renaming Generated Instances : Time (s): cpu = 00:00:23 ; elapsed = 00:00:24 . Memory (MB): peak = 922.512 ; gain = 552.047
---------------------------------------------------------------------------------

Report RTL Partitions: 
+-+--------------+------------+----------+
| |RTL Partition |Replication |Instances |
+-+--------------+------------+----------+
+-+--------------+------------+----------+
---------------------------------------------------------------------------------
Start Rebuilding User Hierarchy
---------------------------------------------------------------------------------
---------------------------------------------------------------------------------
Finished Rebuilding User Hierarchy : Time (s): cpu = 00:00:23 ; elapsed = 00:00:24 . Memory (MB): peak = 922.512 ; gain = 552.047
---------------------------------------------------------------------------------
---------------------------------------------------------------------------------
Start Renaming Generated Ports
---------------------------------------------------------------------------------
---------------------------------------------------------------------------------
Finished Renaming Generated Ports : Time (s): cpu = 00:00:23 ; elapsed = 00:00:24 . Memory (MB): peak = 922.512 ; gain = 552.047
---------------------------------------------------------------------------------
---------------------------------------------------------------------------------
Start Handling Custom Attributes
---------------------------------------------------------------------------------
---------------------------------------------------------------------------------
Finished Handling Custom Attributes : Time (s): cpu = 00:00:23 ; elapsed = 00:00:24 . Memory (MB): peak = 922.512 ; gain = 552.047
---------------------------------------------------------------------------------
---------------------------------------------------------------------------------
Start Renaming Generated Nets
---------------------------------------------------------------------------------
---------------------------------------------------------------------------------
Finished Renaming Generated Nets : Time (s): cpu = 00:00:23 ; elapsed = 00:00:24 . Memory (MB): peak = 922.512 ; gain = 552.047
---------------------------------------------------------------------------------
---------------------------------------------------------------------------------
Start Writing Synthesis Report
---------------------------------------------------------------------------------

Report BlackBoxes: 
+-+--------------+----------+
| |BlackBox name |Instances |
+-+--------------+----------+
+-+--------------+----------+

Report Cell Usage: 
+------+----------+------+
|      |Cell      |Count |
+------+----------+------+
|1     |CARRY4    |     8|
|2     |LUT1      |     5|
|3     |LUT2      |    24|
|4     |LUT3      |    57|
|5     |LUT4      |    75|
|6     |LUT5      |   164|
|7     |LUT6      |  1484|
|8     |MUXF7     |   544|
|9     |MUXF8     |   256|
|10    |RAM128X1D |  4096|
|11    |FDRE      |   141|
+------+----------+------+

Report Instance Areas: 
+------+---------+--------+------+
|      |Instance |Module  |Cells |
+------+---------+--------+------+
|1     |top      |        |  6854|
|2     |  inst   |axi_ram |  6854|
+------+---------+--------+------+
---------------------------------------------------------------------------------
Finished Writing Synthesis Report : Time (s): cpu = 00:00:23 ; elapsed = 00:00:24 . Memory (MB): peak = 922.512 ; gain = 552.047
---------------------------------------------------------------------------------
Synthesis finished with 0 errors, 0 critical warnings and 17 warnings.
Synthesis Optimization Runtime : Time (s): cpu = 00:00:15 ; elapsed = 00:00:20 . Memory (MB): peak = 922.512 ; gain = 237.344
Synthesis Optimization Complete : Time (s): cpu = 00:00:23 ; elapsed = 00:00:24 . Memory (MB): peak = 922.512 ; gain = 552.047
INFO: [Project 1-571] Translating synthesized netlist
INFO: [Netlist 29-17] Analyzing 4904 Unisim elements for replacement
INFO: [Netlist 29-28] Unisim Transformation completed in 2 CPU seconds
WARNING: [Netlist 29-101] Netlist 'design_1_axi_ram_0_0' is not ideal for floorplanning, since the cellview 'axi_ram' contains a large number of primitives.  Please consider enabling hierarchy in synthesis if you want to do floorplanning.
INFO: [Project 1-570] Preparing netlist for logic optimization
INFO: [Opt 31-138] Pushed 0 inverter(s) to 0 load pin(s).
Netlist sorting complete. Time (s): cpu = 00:00:00 ; elapsed = 00:00:00.023 . Memory (MB): peak = 975.551 ; gain = 0.000
INFO: [Project 1-111] Unisim Transformation Summary:
  A total of 4096 instances were transformed.
  RAM128X1D => RAM128X1D (RAMD64E, RAMD64E, MUXF7, MUXF7, RAMD64E, RAMD64E): 4096 instances

INFO: [Common 17-83] Releasing license: Synthesis
31 Infos, 44 Warnings, 0 Critical Warnings and 0 Errors encountered.
synth_design completed successfully
synth_design: Time (s): cpu = 00:00:30 ; elapsed = 00:00:31 . Memory (MB): peak = 975.551 ; gain = 616.605
Netlist sorting complete. Time (s): cpu = 00:00:00 ; elapsed = 00:00:00.023 . Memory (MB): peak = 975.551 ; gain = 0.000
WARNING: [Constraints 18-5210] No constraints selected for write.
Resolution: This message can indicate that there are no constraints for the design, or it can indicate that the used_in flags are set such that the constraints are ignored. This later case is used when running synth_design to not write synthesis constraints to the resulting checkpoint. Instead, project constraints are read when the synthesized design is opened.
INFO: [Common 17-1381] The checkpoint 'C:/Users/khanm/Downloads/Memory_Controller-main/Memory_Controller-main/DDR_GOLDEN/DDR_GOLDEN.runs/design_1_axi_ram_0_0_synth_1/design_1_axi_ram_0_0.dcp' has been generated.
INFO: [Coretcl 2-1648] Added synthesis output to IP cache for IP design_1_axi_ram_0_0, cache-ID = 835a2bd7e985aa23
Netlist sorting complete. Time (s): cpu = 00:00:00 ; elapsed = 00:00:00.027 . Memory (MB): peak = 975.551 ; gain = 0.000
WARNING: [Constraints 18-5210] No constraints selected for write.
Resolution: This message can indicate that there are no constraints for the design, or it can indicate that the used_in flags are set such that the constraints are ignored. This later case is used when running synth_design to not write synthesis constraints to the resulting checkpoint. Instead, project constraints are read when the synthesized design is opened.
INFO: [Common 17-1381] The checkpoint 'C:/Users/khanm/Downloads/Memory_Controller-main/Memory_Controller-main/DDR_GOLDEN/DDR_GOLDEN.runs/design_1_axi_ram_0_0_synth_1/design_1_axi_ram_0_0.dcp' has been generated.
INFO: [runtcl-4] Executing : report_utilization -file design_1_axi_ram_0_0_utilization_synth.rpt -pb design_1_axi_ram_0_0_utilization_synth.pb
INFO: [Common 17-206] Exiting Vivado at Thu Mar 19 20:38:49 2026...
