18:04:09 INFO  : Registering command handlers for SDK TCF services
18:04:10 INFO  : Launching XSCT server: xsct.bat -interactive C:\Users\khanm\Downloads\Memory_Controller-main\Memory_Controller-main\DDR_GOLDEN\DDR_GOLDEN.sdk\temp_xsdb_launch_script.tcl
18:04:12 INFO  : XSCT server has started successfully.
18:04:12 INFO  : Successfully done setting XSCT server connection channel  
18:04:12 INFO  : Successfully done setting SDK workspace  
18:04:12 INFO  : Processing command line option -hwspec C:/Users/khanm/Downloads/Memory_Controller-main/Memory_Controller-main/DDR_GOLDEN/DDR_GOLDEN.sdk/design_1_wrapper.hdf.
18:05:24 INFO  : Connected to target on host '127.0.0.1' and port '3121'.
18:05:24 INFO  : Jtag cable 'Digilent Nexys4DDR 210292646118A' is selected.
18:05:24 INFO  : 'jtag frequency' command is executed.
18:05:24 INFO  : 'targets -set -filter {jtag_cable_name =~ "Digilent Nexys4DDR 210292646118A" && level==0} -index 0' command is executed.
18:05:26 INFO  : FPGA configured successfully with bitstream "C:/Users/khanm/Downloads/Memory_Controller-main/Memory_Controller-main/DDR_GOLDEN/DDR_GOLDEN.sdk/design_1_wrapper_hw_platform_0/design_1_wrapper.bit"
18:05:26 INFO  : 'configparams mdm-detect-bscan-mask 2' command is executed.
18:05:27 INFO  : Context for processor 'microblaze_0' is selected.
18:05:27 INFO  : System reset is completed.
18:05:30 INFO  : 'after 3000' command is executed.
18:05:30 INFO  : Context for processor 'microblaze_0' is selected.
18:05:30 INFO  : The application 'C:/Users/khanm/Downloads/Memory_Controller-main/Memory_Controller-main/DDR_GOLDEN/DDR_GOLDEN.sdk/test/Debug/test.elf' is downloaded to processor 'microblaze_0'.
18:05:30 INFO  : ----------------XSDB Script----------------
connect -url tcp:127.0.0.1:3121
targets -set -filter {jtag_cable_name =~ "Digilent Nexys4DDR 210292646118A" && level==0} -index 0
fpga -file C:/Users/khanm/Downloads/Memory_Controller-main/Memory_Controller-main/DDR_GOLDEN/DDR_GOLDEN.sdk/design_1_wrapper_hw_platform_0/design_1_wrapper.bit
configparams mdm-detect-bscan-mask 2
targets -set -nocase -filter {name =~ "microblaze*#0" && bscan=="USER2"  && jtag_cable_name =~ "Digilent Nexys4DDR 210292646118A"} -index 0
rst -system
after 3000
targets -set -nocase -filter {name =~ "microblaze*#0" && bscan=="USER2"  && jtag_cable_name =~ "Digilent Nexys4DDR 210292646118A"} -index 0
dow C:/Users/khanm/Downloads/Memory_Controller-main/Memory_Controller-main/DDR_GOLDEN/DDR_GOLDEN.sdk/test/Debug/test.elf
----------------End of Script----------------

18:05:30 INFO  : Context for processor 'microblaze_0' is selected.
18:05:30 INFO  : 'con' command is executed.
18:05:30 INFO  : ----------------XSDB Script (After Launch)----------------
targets -set -nocase -filter {name =~ "microblaze*#0" && bscan=="USER2"  && jtag_cable_name =~ "Digilent Nexys4DDR 210292646118A"} -index 0
con
----------------End of Script----------------

18:05:30 INFO  : Disconnected from the channel tcfchan#1.
18:07:45 INFO  : Connected to target on host '127.0.0.1' and port '3121'.
18:07:45 INFO  : Jtag cable 'Digilent Nexys4DDR 210292646118A' is selected.
18:07:45 INFO  : 'jtag frequency' command is executed.
18:07:45 INFO  : 'targets -set -filter {jtag_cable_name =~ "Digilent Nexys4DDR 210292646118A" && level==0} -index 0' command is executed.
18:07:47 INFO  : FPGA configured successfully with bitstream "C:/Users/khanm/Downloads/Memory_Controller-main/Memory_Controller-main/DDR_GOLDEN/DDR_GOLDEN.sdk/design_1_wrapper_hw_platform_0/design_1_wrapper.bit"
18:07:47 INFO  : 'configparams mdm-detect-bscan-mask 2' command is executed.
18:07:47 INFO  : Context for processor 'microblaze_0' is selected.
18:07:47 INFO  : System reset is completed.
18:07:50 INFO  : 'after 3000' command is executed.
18:07:50 INFO  : Context for processor 'microblaze_0' is selected.
18:07:50 INFO  : The application 'C:/Users/khanm/Downloads/Memory_Controller-main/Memory_Controller-main/DDR_GOLDEN/DDR_GOLDEN.sdk/test/Debug/test.elf' is downloaded to processor 'microblaze_0'.
18:07:50 INFO  : ----------------XSDB Script----------------
connect -url tcp:127.0.0.1:3121
targets -set -filter {jtag_cable_name =~ "Digilent Nexys4DDR 210292646118A" && level==0} -index 0
fpga -file C:/Users/khanm/Downloads/Memory_Controller-main/Memory_Controller-main/DDR_GOLDEN/DDR_GOLDEN.sdk/design_1_wrapper_hw_platform_0/design_1_wrapper.bit
configparams mdm-detect-bscan-mask 2
targets -set -nocase -filter {name =~ "microblaze*#0" && bscan=="USER2"  && jtag_cable_name =~ "Digilent Nexys4DDR 210292646118A"} -index 0
rst -system
after 3000
targets -set -nocase -filter {name =~ "microblaze*#0" && bscan=="USER2"  && jtag_cable_name =~ "Digilent Nexys4DDR 210292646118A"} -index 0
dow C:/Users/khanm/Downloads/Memory_Controller-main/Memory_Controller-main/DDR_GOLDEN/DDR_GOLDEN.sdk/test/Debug/test.elf
----------------End of Script----------------

18:07:50 INFO  : Context for processor 'microblaze_0' is selected.
18:07:50 INFO  : 'con' command is executed.
18:07:50 INFO  : ----------------XSDB Script (After Launch)----------------
targets -set -nocase -filter {name =~ "microblaze*#0" && bscan=="USER2"  && jtag_cable_name =~ "Digilent Nexys4DDR 210292646118A"} -index 0
con
----------------End of Script----------------

18:07:50 INFO  : Disconnected from the channel tcfchan#2.
18:08:12 INFO  : Connected to target on host '127.0.0.1' and port '3121'.
18:08:12 INFO  : Jtag cable 'Digilent Nexys4DDR 210292646118A' is selected.
18:08:12 INFO  : 'jtag frequency' command is executed.
18:08:12 INFO  : 'targets -set -filter {jtag_cable_name =~ "Digilent Nexys4DDR 210292646118A" && level==0} -index 0' command is executed.
18:08:15 INFO  : FPGA configured successfully with bitstream "C:/Users/khanm/Downloads/Memory_Controller-main/Memory_Controller-main/DDR_GOLDEN/DDR_GOLDEN.sdk/design_1_wrapper_hw_platform_0/design_1_wrapper.bit"
18:08:15 INFO  : 'configparams mdm-detect-bscan-mask 2' command is executed.
18:08:15 INFO  : Context for processor 'microblaze_0' is selected.
18:08:15 INFO  : System reset is completed.
18:08:18 INFO  : 'after 3000' command is executed.
18:08:18 INFO  : Context for processor 'microblaze_0' is selected.
18:08:18 INFO  : The application 'C:/Users/khanm/Downloads/Memory_Controller-main/Memory_Controller-main/DDR_GOLDEN/DDR_GOLDEN.sdk/test/Debug/test.elf' is downloaded to processor 'microblaze_0'.
18:08:18 INFO  : ----------------XSDB Script----------------
connect -url tcp:127.0.0.1:3121
targets -set -filter {jtag_cable_name =~ "Digilent Nexys4DDR 210292646118A" && level==0} -index 0
fpga -file C:/Users/khanm/Downloads/Memory_Controller-main/Memory_Controller-main/DDR_GOLDEN/DDR_GOLDEN.sdk/design_1_wrapper_hw_platform_0/design_1_wrapper.bit
configparams mdm-detect-bscan-mask 2
targets -set -nocase -filter {name =~ "microblaze*#0" && bscan=="USER2"  && jtag_cable_name =~ "Digilent Nexys4DDR 210292646118A"} -index 0
rst -system
after 3000
targets -set -nocase -filter {name =~ "microblaze*#0" && bscan=="USER2"  && jtag_cable_name =~ "Digilent Nexys4DDR 210292646118A"} -index 0
dow C:/Users/khanm/Downloads/Memory_Controller-main/Memory_Controller-main/DDR_GOLDEN/DDR_GOLDEN.sdk/test/Debug/test.elf
----------------End of Script----------------

18:08:18 INFO  : Context for processor 'microblaze_0' is selected.
18:08:18 INFO  : 'con' command is executed.
18:08:18 INFO  : ----------------XSDB Script (After Launch)----------------
targets -set -nocase -filter {name =~ "microblaze*#0" && bscan=="USER2"  && jtag_cable_name =~ "Digilent Nexys4DDR 210292646118A"} -index 0
con
----------------End of Script----------------

18:08:18 INFO  : Disconnected from the channel tcfchan#3.
18:08:46 INFO  : Connected to target on host '127.0.0.1' and port '3121'.
18:08:47 INFO  : Jtag cable 'Digilent Nexys4DDR 210292646118A' is selected.
18:08:47 INFO  : 'jtag frequency' command is executed.
18:08:47 INFO  : 'targets -set -filter {jtag_cable_name =~ "Digilent Nexys4DDR 210292646118A" && level==0} -index 0' command is executed.
18:08:49 INFO  : FPGA configured successfully with bitstream "C:/Users/khanm/Downloads/Memory_Controller-main/Memory_Controller-main/DDR_GOLDEN/DDR_GOLDEN.sdk/design_1_wrapper_hw_platform_0/design_1_wrapper.bit"
18:08:49 INFO  : 'configparams mdm-detect-bscan-mask 2' command is executed.
18:08:49 INFO  : Context for processor 'microblaze_0' is selected.
18:08:49 INFO  : System reset is completed.
18:08:52 INFO  : 'after 3000' command is executed.
18:08:52 INFO  : Context for processor 'microblaze_0' is selected.
18:08:52 INFO  : The application 'C:/Users/khanm/Downloads/Memory_Controller-main/Memory_Controller-main/DDR_GOLDEN/DDR_GOLDEN.sdk/test/Debug/test.elf' is downloaded to processor 'microblaze_0'.
18:08:52 INFO  : ----------------XSDB Script----------------
connect -url tcp:127.0.0.1:3121
targets -set -filter {jtag_cable_name =~ "Digilent Nexys4DDR 210292646118A" && level==0} -index 0
fpga -file C:/Users/khanm/Downloads/Memory_Controller-main/Memory_Controller-main/DDR_GOLDEN/DDR_GOLDEN.sdk/design_1_wrapper_hw_platform_0/design_1_wrapper.bit
configparams mdm-detect-bscan-mask 2
targets -set -nocase -filter {name =~ "microblaze*#0" && bscan=="USER2"  && jtag_cable_name =~ "Digilent Nexys4DDR 210292646118A"} -index 0
rst -system
after 3000
targets -set -nocase -filter {name =~ "microblaze*#0" && bscan=="USER2"  && jtag_cable_name =~ "Digilent Nexys4DDR 210292646118A"} -index 0
dow C:/Users/khanm/Downloads/Memory_Controller-main/Memory_Controller-main/DDR_GOLDEN/DDR_GOLDEN.sdk/test/Debug/test.elf
----------------End of Script----------------

18:08:52 INFO  : Context for processor 'microblaze_0' is selected.
18:08:52 INFO  : 'con' command is executed.
18:08:52 INFO  : ----------------XSDB Script (After Launch)----------------
targets -set -nocase -filter {name =~ "microblaze*#0" && bscan=="USER2"  && jtag_cable_name =~ "Digilent Nexys4DDR 210292646118A"} -index 0
con
----------------End of Script----------------

18:08:52 INFO  : Disconnected from the channel tcfchan#4.
18:11:03 INFO  : Connected to target on host '127.0.0.1' and port '3121'.
18:11:03 INFO  : Jtag cable 'Digilent Nexys4DDR 210292646118A' is selected.
18:11:03 INFO  : 'jtag frequency' command is executed.
18:11:03 INFO  : 'targets -set -filter {jtag_cable_name =~ "Digilent Nexys4DDR 210292646118A" && level==0} -index 0' command is executed.
18:11:06 INFO  : FPGA configured successfully with bitstream "C:/Users/khanm/Downloads/Memory_Controller-main/Memory_Controller-main/DDR_GOLDEN/DDR_GOLDEN.sdk/design_1_wrapper_hw_platform_0/design_1_wrapper.bit"
18:11:06 INFO  : 'configparams mdm-detect-bscan-mask 2' command is executed.
18:11:06 INFO  : Context for processor 'microblaze_0' is selected.
18:11:06 INFO  : System reset is completed.
18:11:09 INFO  : 'after 3000' command is executed.
18:11:09 INFO  : Context for processor 'microblaze_0' is selected.
18:11:09 INFO  : The application 'C:/Users/khanm/Downloads/Memory_Controller-main/Memory_Controller-main/DDR_GOLDEN/DDR_GOLDEN.sdk/test/Debug/test.elf' is downloaded to processor 'microblaze_0'.
18:11:09 INFO  : ----------------XSDB Script----------------
connect -url tcp:127.0.0.1:3121
targets -set -filter {jtag_cable_name =~ "Digilent Nexys4DDR 210292646118A" && level==0} -index 0
fpga -file C:/Users/khanm/Downloads/Memory_Controller-main/Memory_Controller-main/DDR_GOLDEN/DDR_GOLDEN.sdk/design_1_wrapper_hw_platform_0/design_1_wrapper.bit
configparams mdm-detect-bscan-mask 2
targets -set -nocase -filter {name =~ "microblaze*#0" && bscan=="USER2"  && jtag_cable_name =~ "Digilent Nexys4DDR 210292646118A"} -index 0
rst -system
after 3000
targets -set -nocase -filter {name =~ "microblaze*#0" && bscan=="USER2"  && jtag_cable_name =~ "Digilent Nexys4DDR 210292646118A"} -index 0
dow C:/Users/khanm/Downloads/Memory_Controller-main/Memory_Controller-main/DDR_GOLDEN/DDR_GOLDEN.sdk/test/Debug/test.elf
----------------End of Script----------------

18:11:09 INFO  : Context for processor 'microblaze_0' is selected.
18:11:09 INFO  : 'con' command is executed.
18:11:09 INFO  : ----------------XSDB Script (After Launch)----------------
targets -set -nocase -filter {name =~ "microblaze*#0" && bscan=="USER2"  && jtag_cable_name =~ "Digilent Nexys4DDR 210292646118A"} -index 0
con
----------------End of Script----------------

18:11:09 INFO  : Disconnected from the channel tcfchan#5.
