
*** Running vivado
    with args -log design_1_auto_us_2.vds -m64 -product Vivado -mode batch -messageDb vivado.pb -notrace -source design_1_auto_us_2.tcl


****** Vivado v2018.3.1 (64-bit)
  **** SW Build 2489853 on Tue Mar 26 04:20:25 MDT 2019
  **** IP Build 2486929 on Tue Mar 26 06:44:21 MDT 2019
    ** Copyright 1986-2019 Xilinx, Inc. All Rights Reserved.

source design_1_auto_us_2.tcl -notrace
INFO: [IP_Flow 19-234] Refreshing IP repositories
INFO: [IP_Flow 19-1700] Loaded user IP repository 'c:/Users/khanm/AppData/Roaming/Xilinx/Vivado/proj/mem'.
INFO: [IP_Flow 19-2313] Loaded Vivado IP repository 'C:/Xilinx/Vivado/2018.3/data/ip'.
Command: synth_design -top design_1_auto_us_2 -part xc7a100tcsg324-1 -mode out_of_context
Starting synth_design
Attempting to get a license for feature 'Synthesis' and/or device 'xc7a100t'
INFO: [Common 17-349] Got license for feature 'Synthesis' and/or device 'xc7a100t'
INFO: Launching helper process for spawning children vivado processes
INFO: Helper process launched with PID 13368 
---------------------------------------------------------------------------------
Starting RTL Elaboration : Time (s): cpu = 00:00:06 ; elapsed = 00:00:08 . Memory (MB): peak = 481.262 ; gain = 110.117
---------------------------------------------------------------------------------
INFO: [Synth 8-6157] synthesizing module 'design_1_auto_us_2' [c:/Users/khanm/AppData/Roaming/Xilinx/Vivado/proj/proj_p3.srcs/sources_1/bd/design_1/ip/design_1_auto_us_2/synth/design_1_auto_us_2.v:58]
INFO: [Synth 8-6157] synthesizing module 'axi_dwidth_converter_v2_1_18_top' [c:/Users/khanm/AppData/Roaming/Xilinx/Vivado/proj/proj_p3.srcs/sources_1/bd/design_1/ipshared/0815/hdl/axi_dwidth_converter_v2_1_vlsyn_rfs.v:14462]
	Parameter C_FAMILY bound to: artix7 - type: string 
	Parameter C_AXI_PROTOCOL bound to: 2 - type: integer 
	Parameter C_S_AXI_ID_WIDTH bound to: 1 - type: integer 
	Parameter C_SUPPORTS_ID bound to: 0 - type: integer 
	Parameter C_AXI_ADDR_WIDTH bound to: 32 - type: integer 
	Parameter C_S_AXI_DATA_WIDTH bound to: 32 - type: integer 
	Parameter C_M_AXI_DATA_WIDTH bound to: 64 - type: integer 
	Parameter C_AXI_SUPPORTS_WRITE bound to: 1 - type: integer 
	Parameter C_AXI_SUPPORTS_READ bound to: 0 - type: integer 
	Parameter C_FIFO_MODE bound to: 0 - type: integer 
	Parameter C_S_AXI_ACLK_RATIO bound to: 1 - type: integer 
	Parameter C_M_AXI_ACLK_RATIO bound to: 2 - type: integer 
	Parameter C_AXI_IS_ACLK_ASYNC bound to: 0 - type: integer 
	Parameter C_MAX_SPLIT_BEATS bound to: 16 - type: integer 
	Parameter C_PACKING_LEVEL bound to: 1 - type: integer 
	Parameter C_SYNCHRONIZER_STAGE bound to: 3 - type: integer 
	Parameter C_S_AXI_BYTES_LOG bound to: 2 - type: integer 
	Parameter C_M_AXI_BYTES_LOG bound to: 3 - type: integer 
	Parameter C_RATIO bound to: 0 - type: integer 
	Parameter C_RATIO_LOG bound to: 0 - type: integer 
	Parameter P_AXI4 bound to: 0 - type: integer 
	Parameter P_AXI3 bound to: 1 - type: integer 
	Parameter P_AXILITE bound to: 2 - type: integer 
	Parameter P_CONVERSION bound to: 2 - type: integer 
	Parameter P_MAX_SPLIT_BEATS bound to: 16 - type: integer 
INFO: [Synth 8-5534] Detected attribute (* KEEP = "TRUE" *) [c:/Users/khanm/AppData/Roaming/Xilinx/Vivado/proj/proj_p3.srcs/sources_1/bd/design_1/ipshared/0815/hdl/axi_dwidth_converter_v2_1_vlsyn_rfs.v:14513]
INFO: [Synth 8-5534] Detected attribute (* KEEP = "TRUE" *) [c:/Users/khanm/AppData/Roaming/Xilinx/Vivado/proj/proj_p3.srcs/sources_1/bd/design_1/ipshared/0815/hdl/axi_dwidth_converter_v2_1_vlsyn_rfs.v:14514]
INFO: [Synth 8-5534] Detected attribute (* KEEP = "TRUE" *) [c:/Users/khanm/AppData/Roaming/Xilinx/Vivado/proj/proj_p3.srcs/sources_1/bd/design_1/ipshared/0815/hdl/axi_dwidth_converter_v2_1_vlsyn_rfs.v:14562]
INFO: [Synth 8-5534] Detected attribute (* KEEP = "TRUE" *) [c:/Users/khanm/AppData/Roaming/Xilinx/Vivado/proj/proj_p3.srcs/sources_1/bd/design_1/ipshared/0815/hdl/axi_dwidth_converter_v2_1_vlsyn_rfs.v:14563]
INFO: [Synth 8-6157] synthesizing module 'axi_dwidth_converter_v2_1_18_axi4lite_upsizer' [c:/Users/khanm/AppData/Roaming/Xilinx/Vivado/proj/proj_p3.srcs/sources_1/bd/design_1/ipshared/0815/hdl/axi_dwidth_converter_v2_1_vlsyn_rfs.v:3334]
	Parameter C_FAMILY bound to: artix7 - type: string 
	Parameter C_AXI_ADDR_WIDTH bound to: 32 - type: integer 
	Parameter C_AXI_SUPPORTS_WRITE bound to: 1 - type: integer 
	Parameter C_AXI_SUPPORTS_READ bound to: 0 - type: integer 
INFO: [Synth 8-6155] done synthesizing module 'axi_dwidth_converter_v2_1_18_axi4lite_upsizer' (1#1) [c:/Users/khanm/AppData/Roaming/Xilinx/Vivado/proj/proj_p3.srcs/sources_1/bd/design_1/ipshared/0815/hdl/axi_dwidth_converter_v2_1_vlsyn_rfs.v:3334]
INFO: [Synth 8-6155] done synthesizing module 'axi_dwidth_converter_v2_1_18_top' (2#1) [c:/Users/khanm/AppData/Roaming/Xilinx/Vivado/proj/proj_p3.srcs/sources_1/bd/design_1/ipshared/0815/hdl/axi_dwidth_converter_v2_1_vlsyn_rfs.v:14462]
INFO: [Synth 8-6155] done synthesizing module 'design_1_auto_us_2' (3#1) [c:/Users/khanm/AppData/Roaming/Xilinx/Vivado/proj/proj_p3.srcs/sources_1/bd/design_1/ip/design_1_auto_us_2/synth/design_1_auto_us_2.v:58]
WARNING: [Synth 8-3331] design axi_dwidth_converter_v2_1_18_axi4lite_upsizer has unconnected port s_axi_araddr[31]
WARNING: [Synth 8-3331] design axi_dwidth_converter_v2_1_18_axi4lite_upsizer has unconnected port s_axi_araddr[30]
WARNING: [Synth 8-3331] design axi_dwidth_converter_v2_1_18_axi4lite_upsizer has unconnected port s_axi_araddr[29]
WARNING: [Synth 8-3331] design axi_dwidth_converter_v2_1_18_axi4lite_upsizer has unconnected port s_axi_araddr[28]
WARNING: [Synth 8-3331] design axi_dwidth_converter_v2_1_18_axi4lite_upsizer has unconnected port s_axi_araddr[27]
WARNING: [Synth 8-3331] design axi_dwidth_converter_v2_1_18_axi4lite_upsizer has unconnected port s_axi_araddr[26]
WARNING: [Synth 8-3331] design axi_dwidth_converter_v2_1_18_axi4lite_upsizer has unconnected port s_axi_araddr[25]
WARNING: [Synth 8-3331] design axi_dwidth_converter_v2_1_18_axi4lite_upsizer has unconnected port s_axi_araddr[24]
WARNING: [Synth 8-3331] design axi_dwidth_converter_v2_1_18_axi4lite_upsizer has unconnected port s_axi_araddr[23]
WARNING: [Synth 8-3331] design axi_dwidth_converter_v2_1_18_axi4lite_upsizer has unconnected port s_axi_araddr[22]
WARNING: [Synth 8-3331] design axi_dwidth_converter_v2_1_18_axi4lite_upsizer has unconnected port s_axi_araddr[21]
WARNING: [Synth 8-3331] design axi_dwidth_converter_v2_1_18_axi4lite_upsizer has unconnected port s_axi_araddr[20]
WARNING: [Synth 8-3331] design axi_dwidth_converter_v2_1_18_axi4lite_upsizer has unconnected port s_axi_araddr[19]
WARNING: [Synth 8-3331] design axi_dwidth_converter_v2_1_18_axi4lite_upsizer has unconnected port s_axi_araddr[18]
WARNING: [Synth 8-3331] design axi_dwidth_converter_v2_1_18_axi4lite_upsizer has unconnected port s_axi_araddr[17]
WARNING: [Synth 8-3331] design axi_dwidth_converter_v2_1_18_axi4lite_upsizer has unconnected port s_axi_araddr[16]
WARNING: [Synth 8-3331] design axi_dwidth_converter_v2_1_18_axi4lite_upsizer has unconnected port s_axi_araddr[15]
WARNING: [Synth 8-3331] design axi_dwidth_converter_v2_1_18_axi4lite_upsizer has unconnected port s_axi_araddr[14]
WARNING: [Synth 8-3331] design axi_dwidth_converter_v2_1_18_axi4lite_upsizer has unconnected port s_axi_araddr[13]
WARNING: [Synth 8-3331] design axi_dwidth_converter_v2_1_18_axi4lite_upsizer has unconnected port s_axi_araddr[12]
WARNING: [Synth 8-3331] design axi_dwidth_converter_v2_1_18_axi4lite_upsizer has unconnected port s_axi_araddr[11]
WARNING: [Synth 8-3331] design axi_dwidth_converter_v2_1_18_axi4lite_upsizer has unconnected port s_axi_araddr[10]
WARNING: [Synth 8-3331] design axi_dwidth_converter_v2_1_18_axi4lite_upsizer has unconnected port s_axi_araddr[9]
WARNING: [Synth 8-3331] design axi_dwidth_converter_v2_1_18_axi4lite_upsizer has unconnected port s_axi_araddr[8]
WARNING: [Synth 8-3331] design axi_dwidth_converter_v2_1_18_axi4lite_upsizer has unconnected port s_axi_araddr[7]
WARNING: [Synth 8-3331] design axi_dwidth_converter_v2_1_18_axi4lite_upsizer has unconnected port s_axi_araddr[6]
WARNING: [Synth 8-3331] design axi_dwidth_converter_v2_1_18_axi4lite_upsizer has unconnected port s_axi_araddr[5]
WARNING: [Synth 8-3331] design axi_dwidth_converter_v2_1_18_axi4lite_upsizer has unconnected port s_axi_araddr[4]
WARNING: [Synth 8-3331] design axi_dwidth_converter_v2_1_18_axi4lite_upsizer has unconnected port s_axi_araddr[3]
WARNING: [Synth 8-3331] design axi_dwidth_converter_v2_1_18_axi4lite_upsizer has unconnected port s_axi_araddr[2]
WARNING: [Synth 8-3331] design axi_dwidth_converter_v2_1_18_axi4lite_upsizer has unconnected port s_axi_araddr[1]
WARNING: [Synth 8-3331] design axi_dwidth_converter_v2_1_18_axi4lite_upsizer has unconnected port s_axi_araddr[0]
WARNING: [Synth 8-3331] design axi_dwidth_converter_v2_1_18_axi4lite_upsizer has unconnected port s_axi_arprot[2]
WARNING: [Synth 8-3331] design axi_dwidth_converter_v2_1_18_axi4lite_upsizer has unconnected port s_axi_arprot[1]
WARNING: [Synth 8-3331] design axi_dwidth_converter_v2_1_18_axi4lite_upsizer has unconnected port s_axi_arprot[0]
WARNING: [Synth 8-3331] design axi_dwidth_converter_v2_1_18_axi4lite_upsizer has unconnected port s_axi_arvalid
WARNING: [Synth 8-3331] design axi_dwidth_converter_v2_1_18_axi4lite_upsizer has unconnected port s_axi_rready
WARNING: [Synth 8-3331] design axi_dwidth_converter_v2_1_18_axi4lite_upsizer has unconnected port m_axi_arready
WARNING: [Synth 8-3331] design axi_dwidth_converter_v2_1_18_axi4lite_upsizer has unconnected port m_axi_rdata[63]
WARNING: [Synth 8-3331] design axi_dwidth_converter_v2_1_18_axi4lite_upsizer has unconnected port m_axi_rdata[62]
WARNING: [Synth 8-3331] design axi_dwidth_converter_v2_1_18_axi4lite_upsizer has unconnected port m_axi_rdata[61]
WARNING: [Synth 8-3331] design axi_dwidth_converter_v2_1_18_axi4lite_upsizer has unconnected port m_axi_rdata[60]
WARNING: [Synth 8-3331] design axi_dwidth_converter_v2_1_18_axi4lite_upsizer has unconnected port m_axi_rdata[59]
WARNING: [Synth 8-3331] design axi_dwidth_converter_v2_1_18_axi4lite_upsizer has unconnected port m_axi_rdata[58]
WARNING: [Synth 8-3331] design axi_dwidth_converter_v2_1_18_axi4lite_upsizer has unconnected port m_axi_rdata[57]
WARNING: [Synth 8-3331] design axi_dwidth_converter_v2_1_18_axi4lite_upsizer has unconnected port m_axi_rdata[56]
WARNING: [Synth 8-3331] design axi_dwidth_converter_v2_1_18_axi4lite_upsizer has unconnected port m_axi_rdata[55]
WARNING: [Synth 8-3331] design axi_dwidth_converter_v2_1_18_axi4lite_upsizer has unconnected port m_axi_rdata[54]
WARNING: [Synth 8-3331] design axi_dwidth_converter_v2_1_18_axi4lite_upsizer has unconnected port m_axi_rdata[53]
WARNING: [Synth 8-3331] design axi_dwidth_converter_v2_1_18_axi4lite_upsizer has unconnected port m_axi_rdata[52]
WARNING: [Synth 8-3331] design axi_dwidth_converter_v2_1_18_axi4lite_upsizer has unconnected port m_axi_rdata[51]
WARNING: [Synth 8-3331] design axi_dwidth_converter_v2_1_18_axi4lite_upsizer has unconnected port m_axi_rdata[50]
WARNING: [Synth 8-3331] design axi_dwidth_converter_v2_1_18_axi4lite_upsizer has unconnected port m_axi_rdata[49]
WARNING: [Synth 8-3331] design axi_dwidth_converter_v2_1_18_axi4lite_upsizer has unconnected port m_axi_rdata[48]
WARNING: [Synth 8-3331] design axi_dwidth_converter_v2_1_18_axi4lite_upsizer has unconnected port m_axi_rdata[47]
WARNING: [Synth 8-3331] design axi_dwidth_converter_v2_1_18_axi4lite_upsizer has unconnected port m_axi_rdata[46]
WARNING: [Synth 8-3331] design axi_dwidth_converter_v2_1_18_axi4lite_upsizer has unconnected port m_axi_rdata[45]
WARNING: [Synth 8-3331] design axi_dwidth_converter_v2_1_18_axi4lite_upsizer has unconnected port m_axi_rdata[44]
WARNING: [Synth 8-3331] design axi_dwidth_converter_v2_1_18_axi4lite_upsizer has unconnected port m_axi_rdata[43]
WARNING: [Synth 8-3331] design axi_dwidth_converter_v2_1_18_axi4lite_upsizer has unconnected port m_axi_rdata[42]
WARNING: [Synth 8-3331] design axi_dwidth_converter_v2_1_18_axi4lite_upsizer has unconnected port m_axi_rdata[41]
WARNING: [Synth 8-3331] design axi_dwidth_converter_v2_1_18_axi4lite_upsizer has unconnected port m_axi_rdata[40]
WARNING: [Synth 8-3331] design axi_dwidth_converter_v2_1_18_axi4lite_upsizer has unconnected port m_axi_rdata[39]
WARNING: [Synth 8-3331] design axi_dwidth_converter_v2_1_18_axi4lite_upsizer has unconnected port m_axi_rdata[38]
WARNING: [Synth 8-3331] design axi_dwidth_converter_v2_1_18_axi4lite_upsizer has unconnected port m_axi_rdata[37]
WARNING: [Synth 8-3331] design axi_dwidth_converter_v2_1_18_axi4lite_upsizer has unconnected port m_axi_rdata[36]
WARNING: [Synth 8-3331] design axi_dwidth_converter_v2_1_18_axi4lite_upsizer has unconnected port m_axi_rdata[35]
WARNING: [Synth 8-3331] design axi_dwidth_converter_v2_1_18_axi4lite_upsizer has unconnected port m_axi_rdata[34]
WARNING: [Synth 8-3331] design axi_dwidth_converter_v2_1_18_axi4lite_upsizer has unconnected port m_axi_rdata[33]
WARNING: [Synth 8-3331] design axi_dwidth_converter_v2_1_18_axi4lite_upsizer has unconnected port m_axi_rdata[32]
WARNING: [Synth 8-3331] design axi_dwidth_converter_v2_1_18_axi4lite_upsizer has unconnected port m_axi_rdata[31]
WARNING: [Synth 8-3331] design axi_dwidth_converter_v2_1_18_axi4lite_upsizer has unconnected port m_axi_rdata[30]
WARNING: [Synth 8-3331] design axi_dwidth_converter_v2_1_18_axi4lite_upsizer has unconnected port m_axi_rdata[29]
WARNING: [Synth 8-3331] design axi_dwidth_converter_v2_1_18_axi4lite_upsizer has unconnected port m_axi_rdata[28]
WARNING: [Synth 8-3331] design axi_dwidth_converter_v2_1_18_axi4lite_upsizer has unconnected port m_axi_rdata[27]
WARNING: [Synth 8-3331] design axi_dwidth_converter_v2_1_18_axi4lite_upsizer has unconnected port m_axi_rdata[26]
WARNING: [Synth 8-3331] design axi_dwidth_converter_v2_1_18_axi4lite_upsizer has unconnected port m_axi_rdata[25]
WARNING: [Synth 8-3331] design axi_dwidth_converter_v2_1_18_axi4lite_upsizer has unconnected port m_axi_rdata[24]
WARNING: [Synth 8-3331] design axi_dwidth_converter_v2_1_18_axi4lite_upsizer has unconnected port m_axi_rdata[23]
WARNING: [Synth 8-3331] design axi_dwidth_converter_v2_1_18_axi4lite_upsizer has unconnected port m_axi_rdata[22]
WARNING: [Synth 8-3331] design axi_dwidth_converter_v2_1_18_axi4lite_upsizer has unconnected port m_axi_rdata[21]
WARNING: [Synth 8-3331] design axi_dwidth_converter_v2_1_18_axi4lite_upsizer has unconnected port m_axi_rdata[20]
WARNING: [Synth 8-3331] design axi_dwidth_converter_v2_1_18_axi4lite_upsizer has unconnected port m_axi_rdata[19]
WARNING: [Synth 8-3331] design axi_dwidth_converter_v2_1_18_axi4lite_upsizer has unconnected port m_axi_rdata[18]
WARNING: [Synth 8-3331] design axi_dwidth_converter_v2_1_18_axi4lite_upsizer has unconnected port m_axi_rdata[17]
WARNING: [Synth 8-3331] design axi_dwidth_converter_v2_1_18_axi4lite_upsizer has unconnected port m_axi_rdata[16]
WARNING: [Synth 8-3331] design axi_dwidth_converter_v2_1_18_axi4lite_upsizer has unconnected port m_axi_rdata[15]
WARNING: [Synth 8-3331] design axi_dwidth_converter_v2_1_18_axi4lite_upsizer has unconnected port m_axi_rdata[14]
WARNING: [Synth 8-3331] design axi_dwidth_converter_v2_1_18_axi4lite_upsizer has unconnected port m_axi_rdata[13]
WARNING: [Synth 8-3331] design axi_dwidth_converter_v2_1_18_axi4lite_upsizer has unconnected port m_axi_rdata[12]
WARNING: [Synth 8-3331] design axi_dwidth_converter_v2_1_18_axi4lite_upsizer has unconnected port m_axi_rdata[11]
WARNING: [Synth 8-3331] design axi_dwidth_converter_v2_1_18_axi4lite_upsizer has unconnected port m_axi_rdata[10]
WARNING: [Synth 8-3331] design axi_dwidth_converter_v2_1_18_axi4lite_upsizer has unconnected port m_axi_rdata[9]
WARNING: [Synth 8-3331] design axi_dwidth_converter_v2_1_18_axi4lite_upsizer has unconnected port m_axi_rdata[8]
WARNING: [Synth 8-3331] design axi_dwidth_converter_v2_1_18_axi4lite_upsizer has unconnected port m_axi_rdata[7]
WARNING: [Synth 8-3331] design axi_dwidth_converter_v2_1_18_axi4lite_upsizer has unconnected port m_axi_rdata[6]
WARNING: [Synth 8-3331] design axi_dwidth_converter_v2_1_18_axi4lite_upsizer has unconnected port m_axi_rdata[5]
WARNING: [Synth 8-3331] design axi_dwidth_converter_v2_1_18_axi4lite_upsizer has unconnected port m_axi_rdata[4]
WARNING: [Synth 8-3331] design axi_dwidth_converter_v2_1_18_axi4lite_upsizer has unconnected port m_axi_rdata[3]
WARNING: [Synth 8-3331] design axi_dwidth_converter_v2_1_18_axi4lite_upsizer has unconnected port m_axi_rdata[2]
INFO: [Common 17-14] Message 'Synth 8-3331' appears 100 times and further instances of the messages will be disabled. Use the Tcl command set_msg_config to change the current settings.
---------------------------------------------------------------------------------
Finished RTL Elaboration : Time (s): cpu = 00:01:26 ; elapsed = 00:01:29 . Memory (MB): peak = 635.969 ; gain = 264.824
---------------------------------------------------------------------------------

Report Check Netlist: 
+------+------------------+-------+---------+-------+------------------+
|      |Item              |Errors |Warnings |Status |Description       |
+------+------------------+-------+---------+-------+------------------+
|1     |multi_driven_nets |      0|        0|Passed |Multi driven nets |
+------+------------------+-------+---------+-------+------------------+
---------------------------------------------------------------------------------
Start Handling Custom Attributes
---------------------------------------------------------------------------------
---------------------------------------------------------------------------------
Finished Handling Custom Attributes : Time (s): cpu = 00:01:26 ; elapsed = 00:01:29 . Memory (MB): peak = 635.969 ; gain = 264.824
---------------------------------------------------------------------------------
---------------------------------------------------------------------------------
Finished RTL Optimization Phase 1 : Time (s): cpu = 00:01:26 ; elapsed = 00:01:29 . Memory (MB): peak = 635.969 ; gain = 264.824
---------------------------------------------------------------------------------
INFO: [Device 21-403] Loading part xc7a100tcsg324-1
INFO: [Project 1-570] Preparing netlist for logic optimization

Processing XDC Constraints
Initializing timing engine
Parsing XDC File [c:/Users/khanm/AppData/Roaming/Xilinx/Vivado/proj/proj_p3.srcs/sources_1/bd/design_1/ip/design_1_auto_us_2/design_1_auto_us_2_ooc.xdc] for cell 'inst'
Finished Parsing XDC File [c:/Users/khanm/AppData/Roaming/Xilinx/Vivado/proj/proj_p3.srcs/sources_1/bd/design_1/ip/design_1_auto_us_2/design_1_auto_us_2_ooc.xdc] for cell 'inst'
Parsing XDC File [C:/Users/khanm/AppData/Roaming/Xilinx/Vivado/proj/proj_p3.runs/design_1_auto_us_2_synth_1/dont_touch.xdc]
Finished Parsing XDC File [C:/Users/khanm/AppData/Roaming/Xilinx/Vivado/proj/proj_p3.runs/design_1_auto_us_2_synth_1/dont_touch.xdc]
Completed Processing XDC Constraints

Netlist sorting complete. Time (s): cpu = 00:00:00 ; elapsed = 00:00:00 . Memory (MB): peak = 866.602 ; gain = 0.000
INFO: [Project 1-111] Unisim Transformation Summary:
No Unisim elements were transformed.

Netlist sorting complete. Time (s): cpu = 00:00:00 ; elapsed = 00:00:00 . Memory (MB): peak = 866.602 ; gain = 0.000
Constraint Validation Runtime : Time (s): cpu = 00:00:00 ; elapsed = 00:00:00.014 . Memory (MB): peak = 867.684 ; gain = 1.082
---------------------------------------------------------------------------------
Finished Constraint Validation : Time (s): cpu = 00:01:33 ; elapsed = 00:01:37 . Memory (MB): peak = 867.684 ; gain = 496.539
---------------------------------------------------------------------------------
---------------------------------------------------------------------------------
Start Loading Part and Timing Information
---------------------------------------------------------------------------------
Loading part: xc7a100tcsg324-1
---------------------------------------------------------------------------------
Finished Loading Part and Timing Information : Time (s): cpu = 00:01:33 ; elapsed = 00:01:37 . Memory (MB): peak = 867.684 ; gain = 496.539
---------------------------------------------------------------------------------
---------------------------------------------------------------------------------
Start Applying 'set_property' XDC Constraints
---------------------------------------------------------------------------------
Applied set_property DONT_TOUCH = true for inst. (constraint file  C:/Users/khanm/AppData/Roaming/Xilinx/Vivado/proj/proj_p3.runs/design_1_auto_us_2_synth_1/dont_touch.xdc, line 9).
---------------------------------------------------------------------------------
Finished applying 'set_property' XDC Constraints : Time (s): cpu = 00:01:33 ; elapsed = 00:01:37 . Memory (MB): peak = 867.684 ; gain = 496.539
---------------------------------------------------------------------------------
---------------------------------------------------------------------------------
Finished RTL Optimization Phase 2 : Time (s): cpu = 00:01:33 ; elapsed = 00:01:37 . Memory (MB): peak = 867.684 ; gain = 496.539
---------------------------------------------------------------------------------

Report RTL Partitions: 
+-+--------------+------------+----------+
| |RTL Partition |Replication |Instances |
+-+--------------+------------+----------+
+-+--------------+------------+----------+
---------------------------------------------------------------------------------
Start RTL Component Statistics 
---------------------------------------------------------------------------------
Detailed RTL Component Info : 
+---Registers : 
	                1 Bit    Registers := 7     
+---Muxes : 
	   2 Input      8 Bit        Muxes := 1     
	   2 Input      1 Bit        Muxes := 5     
---------------------------------------------------------------------------------
Finished RTL Component Statistics 
---------------------------------------------------------------------------------
---------------------------------------------------------------------------------
Start RTL Hierarchical Component Statistics 
---------------------------------------------------------------------------------
Hierarchical RTL Component report 
Module axi_dwidth_converter_v2_1_18_axi4lite_upsizer 
Detailed RTL Component Info : 
+---Registers : 
	                1 Bit    Registers := 7     
+---Muxes : 
	   2 Input      8 Bit        Muxes := 1     
	   2 Input      1 Bit        Muxes := 5     
---------------------------------------------------------------------------------
Finished RTL Hierarchical Component Statistics
---------------------------------------------------------------------------------
---------------------------------------------------------------------------------
Start Part Resource Summary
---------------------------------------------------------------------------------
Part Resources:
DSPs: 240 (col length:80)
BRAMs: 270 (col length: RAMB18 80 RAMB36 40)
---------------------------------------------------------------------------------
Finished Part Resource Summary
---------------------------------------------------------------------------------
---------------------------------------------------------------------------------
Start Cross Boundary and Area Optimization
---------------------------------------------------------------------------------
Warning: Parallel synthesis criteria is not met 
---------------------------------------------------------------------------------
Finished Cross Boundary and Area Optimization : Time (s): cpu = 00:01:34 ; elapsed = 00:01:37 . Memory (MB): peak = 867.684 ; gain = 496.539
---------------------------------------------------------------------------------

Report RTL Partitions: 
+-+--------------+------------+----------+
| |RTL Partition |Replication |Instances |
+-+--------------+------------+----------+
+-+--------------+------------+----------+
---------------------------------------------------------------------------------
Start Applying XDC Timing Constraints
---------------------------------------------------------------------------------
---------------------------------------------------------------------------------
Finished Applying XDC Timing Constraints : Time (s): cpu = 00:01:39 ; elapsed = 00:01:43 . Memory (MB): peak = 867.684 ; gain = 496.539
---------------------------------------------------------------------------------
---------------------------------------------------------------------------------
Start Timing Optimization
---------------------------------------------------------------------------------
---------------------------------------------------------------------------------
Finished Timing Optimization : Time (s): cpu = 00:01:39 ; elapsed = 00:01:43 . Memory (MB): peak = 872.805 ; gain = 501.660
---------------------------------------------------------------------------------

Report RTL Partitions: 
+-+--------------+------------+----------+
| |RTL Partition |Replication |Instances |
+-+--------------+------------+----------+
+-+--------------+------------+----------+
---------------------------------------------------------------------------------
Start Technology Mapping
---------------------------------------------------------------------------------
---------------------------------------------------------------------------------
Finished Technology Mapping : Time (s): cpu = 00:01:39 ; elapsed = 00:01:43 . Memory (MB): peak = 872.934 ; gain = 501.789
---------------------------------------------------------------------------------

Report RTL Partitions: 
+-+--------------+------------+----------+
| |RTL Partition |Replication |Instances |
+-+--------------+------------+----------+
+-+--------------+------------+----------+
---------------------------------------------------------------------------------
Start IO Insertion
---------------------------------------------------------------------------------
---------------------------------------------------------------------------------
Start Flattening Before IO Insertion
---------------------------------------------------------------------------------
---------------------------------------------------------------------------------
Finished Flattening Before IO Insertion
---------------------------------------------------------------------------------
---------------------------------------------------------------------------------
Start Final Netlist Cleanup
---------------------------------------------------------------------------------
---------------------------------------------------------------------------------
Finished Final Netlist Cleanup
---------------------------------------------------------------------------------
---------------------------------------------------------------------------------
Finished IO Insertion : Time (s): cpu = 00:01:40 ; elapsed = 00:01:44 . Memory (MB): peak = 872.934 ; gain = 501.789
---------------------------------------------------------------------------------

Report Check Netlist: 
+------+------------------+-------+---------+-------+------------------+
|      |Item              |Errors |Warnings |Status |Description       |
+------+------------------+-------+---------+-------+------------------+
|1     |multi_driven_nets |      0|        0|Passed |Multi driven nets |
+------+------------------+-------+---------+-------+------------------+
---------------------------------------------------------------------------------
Start Renaming Generated Instances
---------------------------------------------------------------------------------
---------------------------------------------------------------------------------
Finished Renaming Generated Instances : Time (s): cpu = 00:01:40 ; elapsed = 00:01:44 . Memory (MB): peak = 872.934 ; gain = 501.789
---------------------------------------------------------------------------------

Report RTL Partitions: 
+-+--------------+------------+----------+
| |RTL Partition |Replication |Instances |
+-+--------------+------------+----------+
+-+--------------+------------+----------+
---------------------------------------------------------------------------------
Start Rebuilding User Hierarchy
---------------------------------------------------------------------------------
---------------------------------------------------------------------------------
Finished Rebuilding User Hierarchy : Time (s): cpu = 00:01:40 ; elapsed = 00:01:44 . Memory (MB): peak = 872.934 ; gain = 501.789
---------------------------------------------------------------------------------
---------------------------------------------------------------------------------
Start Renaming Generated Ports
---------------------------------------------------------------------------------
---------------------------------------------------------------------------------
Finished Renaming Generated Ports : Time (s): cpu = 00:01:40 ; elapsed = 00:01:44 . Memory (MB): peak = 872.934 ; gain = 501.789
---------------------------------------------------------------------------------
---------------------------------------------------------------------------------
Start Handling Custom Attributes
---------------------------------------------------------------------------------
---------------------------------------------------------------------------------
Finished Handling Custom Attributes : Time (s): cpu = 00:01:40 ; elapsed = 00:01:44 . Memory (MB): peak = 872.934 ; gain = 501.789
---------------------------------------------------------------------------------
---------------------------------------------------------------------------------
Start Renaming Generated Nets
---------------------------------------------------------------------------------
---------------------------------------------------------------------------------
Finished Renaming Generated Nets : Time (s): cpu = 00:01:40 ; elapsed = 00:01:44 . Memory (MB): peak = 872.934 ; gain = 501.789
---------------------------------------------------------------------------------
---------------------------------------------------------------------------------
Start Writing Synthesis Report
---------------------------------------------------------------------------------

Report BlackBoxes: 
+-+--------------+----------+
| |BlackBox name |Instances |
+-+--------------+----------+
+-+--------------+----------+

Report Cell Usage: 
+------+-----+------+
|      |Cell |Count |
+------+-----+------+
|1     |LUT1 |     1|
|2     |LUT2 |     9|
|3     |LUT3 |     3|
|4     |LUT4 |     1|
|5     |LUT5 |     2|
|6     |LUT6 |     3|
|7     |FDRE |     7|
+------+-----+------+

Report Instance Areas: 
+------+-----------------------------------------------------+----------------------------------------------+------+
|      |Instance                                             |Module                                        |Cells |
+------+-----------------------------------------------------+----------------------------------------------+------+
|1     |top                                                  |                                              |    26|
|2     |  inst                                               |axi_dwidth_converter_v2_1_18_top              |    26|
|3     |    \gen_upsizer.gen_lite_upsizer.lite_upsizer_inst  |axi_dwidth_converter_v2_1_18_axi4lite_upsizer |    26|
+------+-----------------------------------------------------+----------------------------------------------+------+
---------------------------------------------------------------------------------
Finished Writing Synthesis Report : Time (s): cpu = 00:01:40 ; elapsed = 00:01:44 . Memory (MB): peak = 872.934 ; gain = 501.789
---------------------------------------------------------------------------------
Synthesis finished with 0 errors, 0 critical warnings and 161 warnings.
Synthesis Optimization Runtime : Time (s): cpu = 00:00:09 ; elapsed = 00:01:39 . Memory (MB): peak = 872.934 ; gain = 270.074
Synthesis Optimization Complete : Time (s): cpu = 00:01:40 ; elapsed = 00:01:44 . Memory (MB): peak = 872.934 ; gain = 501.789
INFO: [Project 1-571] Translating synthesized netlist
INFO: [Project 1-570] Preparing netlist for logic optimization
INFO: [Opt 31-138] Pushed 0 inverter(s) to 0 load pin(s).
Netlist sorting complete. Time (s): cpu = 00:00:00 ; elapsed = 00:00:00 . Memory (MB): peak = 884.781 ; gain = 0.000
INFO: [Project 1-111] Unisim Transformation Summary:
No Unisim elements were transformed.

INFO: [Common 17-83] Releasing license: Synthesis
23 Infos, 100 Warnings, 0 Critical Warnings and 0 Errors encountered.
synth_design completed successfully
synth_design: Time (s): cpu = 00:01:42 ; elapsed = 00:01:46 . Memory (MB): peak = 884.781 ; gain = 525.156
Netlist sorting complete. Time (s): cpu = 00:00:00 ; elapsed = 00:00:00 . Memory (MB): peak = 884.781 ; gain = 0.000
WARNING: [Constraints 18-5210] No constraints selected for write.
Resolution: This message can indicate that there are no constraints for the design, or it can indicate that the used_in flags are set such that the constraints are ignored. This later case is used when running synth_design to not write synthesis constraints to the resulting checkpoint. Instead, project constraints are read when the synthesized design is opened.
INFO: [Common 17-1381] The checkpoint 'C:/Users/khanm/AppData/Roaming/Xilinx/Vivado/proj/proj_p3.runs/design_1_auto_us_2_synth_1/design_1_auto_us_2.dcp' has been generated.
INFO: [Coretcl 2-1648] Added synthesis output to IP cache for IP design_1_auto_us_2, cache-ID = 5e004b760636d38a
INFO: [Coretcl 2-1174] Renamed 2 cell refs.
Netlist sorting complete. Time (s): cpu = 00:00:00 ; elapsed = 00:00:00 . Memory (MB): peak = 884.781 ; gain = 0.000
WARNING: [Constraints 18-5210] No constraints selected for write.
Resolution: This message can indicate that there are no constraints for the design, or it can indicate that the used_in flags are set such that the constraints are ignored. This later case is used when running synth_design to not write synthesis constraints to the resulting checkpoint. Instead, project constraints are read when the synthesized design is opened.
INFO: [Common 17-1381] The checkpoint 'C:/Users/khanm/AppData/Roaming/Xilinx/Vivado/proj/proj_p3.runs/design_1_auto_us_2_synth_1/design_1_auto_us_2.dcp' has been generated.
INFO: [runtcl-4] Executing : report_utilization -file design_1_auto_us_2_utilization_synth.rpt -pb design_1_auto_us_2_utilization_synth.pb
INFO: [Common 17-206] Exiting Vivado at Sun Mar  1 23:27:23 2026...
